#
# A fatal error has been detected by the Java Runtime Environment:
#
#  SIGSEGV (0xb) at pc=0x00007f5618cf788c, pid=6546, tid=140007568377600
#
# JRE version: Java(TM) SE Runtime Environment (8.0_45-b14) (build 1.8.0_45-b14)
# Java VM: Java HotSpot(TM) 64-Bit Server VM (25.45-b02 mixed mode linux-amd64 compressed oops)
# Problematic frame:
# J  0x00007f5618cf788c
#
# Failed to write core dump. Core dumps have been disabled. To enable core dumping, try "ulimit -c unlimited" before starting Java again
#
# If you would like to submit a bug report, please visit:
#   http://bugreport.java.com/bugreport/crash.jsp
#

---------------  T H R E A D  ---------------

Current thread (0x00007f55d4007000):  JavaThread "Daemon worker" [_thread_in_Java, id=6566, stack(0x00007f560d510000,0x00007f560d611000)]

siginfo: si_signo: 11 (SIGSEGV), si_code: 2 (SEGV_ACCERR), si_addr: 0x00000000ffffffff

Registers:
RAX=0x00000000ffffffff, RBX=0x00007f560c0f5400, RCX=0x0000000000000115, RDX=0x0000000000000220
RSP=0x00007f560d60a620, RBP=0x00007f560d60a7f8, RSI=0x000000000000020c, RDI=0x00007f560c130668
R8 =0x0000000000000000, R9 =0x0000000000000000, R10=0x00007f562d557a20, R11=0x000000000000020c
R12=0x0000000000000000, R13=0x00007f560d60a798, R14=0x00000001003d4360, R15=0x00007f55d4007000
RIP=0x00007f5618cf788c, EFLAGS=0x0000000000010202, CSGSFS=0x0000000000000033, ERR=0x0000000000000004
  TRAPNO=0x000000000000000e

Top of Stack: (sp=0x00007f560d60a620)
0x00007f560d60a620:   00007f560d60a7f8 00007f5618b4e1bc
0x00007f560d60a630:   0000000000000000 00000000ecaf9cc8
0x00007f560d60a640:   0000000000000000 00000000ecaf9cb0
0x00007f560d60a650:   0000000000000025 00007f55d4007000
0x00007f560d60a660:   00007f560d60a6b0 00007f56183a61e6
0x00007f560d60a670:   00000000ecaf9cb0 0000000000000000
0x00007f560d60a680:   0000000000000000 0000000000000000
0x00007f560d60a690:   0000000000000001 00000000ecacd4e0
0x00007f560d60a6a0:   00007f560d60a6a0 00007f560c3fcd2d
0x00007f560d60a6b0:   00000000ecaf9c70 00007f5618c89940
0x00007f560d60a6c0:   0000000000000025 0000000000000094
0x00007f560d60a6d0:   00000000ecad1318 00000000ecad1338
0x00007f560d60a6e0:   00000000c0a2b7a8 0000000000000000
0x00007f560d60a6f0:   0000000000000000 00000000ecad0938
0x00007f560d60a700:   00000000ecad3870 00000000ecad1720
0x00007f560d60a710:   0000000100000022 00007f5600000022
0x00007f560d60a720:   00007f560c3b53d2 00007f560d60a778
0x00007f560d60a730:   00007f560d60a7f8 00007f5618cd3084
0x00007f560d60a740:   00007f560c3b5458 0000000000000572
0x00007f560d60a750:   00007f560d60a7f8 00007f5618175c4d
0x00007f560d60a760:   0000000000000001 0000000000000000
0x00007f560d60a770:   00000000ecacb738 00007f5618175c4d
0x00007f560d60a780:   00007f560d60a7f8 00007f56181756d5
0x00007f560d60a790:   00007f56181756d5 0000000000000000
0x00007f560d60a7a0:   00000000c0a2b7a8 00000000ecad1318
0x00007f560d60a7b0:   00000000ecad1338 00007f560d60a7b8
0x00007f560d60a7c0:   00007f560c3d7f34 00007f560d60a830
0x00007f560d60a7d0:   00007f560c3df320 00007f560c0fc960
0x00007f560d60a7e0:   00007f560c3d7ff0 00007f560d60a798
0x00007f560d60a7f0:   00007f560d60a840 00007f560d60a988
0x00007f560d60a800:   00007f5618d43fec 0000000000000000
0x00007f560d60a810:   00000000ecad3870 0000000000000001 

Instructions: (pc=0x00007f5618cf788c)
0x00007f5618cf786c:   fa 17 0f 84 5a 4f 00 00 83 fa 1a 0f 84 13 45 00
0x00007f5618cf787c:   00 83 fa 1b 0f 84 8e 4c 00 00 83 fa 1c 0f 84 ed
0x00007f5618cf788c:   2b 00 00 83 fa 23 0f 84 9f 28 00 00 83 fa 24 0f
0x00007f5618cf789c:   84 e1 1a 00 00 83 fa 25 0f 84 20 00 00 00 83 fa 

Register to memory mapping:

RAX=0x00000000ffffffff is an unallocated location in the heap
RBX=0x00007f560c0f5400 is pointing into metadata
RCX=0x0000000000000115 is an unknown value
RDX=0x0000000000000220 is an unknown value
RSP=0x00007f560d60a620 is pointing into the stack for thread: 0x00007f55d4007000
RBP=0x00007f560d60a7f8 is pointing into the stack for thread: 0x00007f55d4007000
RSI=0x000000000000020c is an unknown value
RDI=0x00007f560c130668 is pointing into metadata
R8 =0x0000000000000000 is an unknown value
R9 =0x0000000000000000 is an unknown value
R10=0x00007f562d557a20: <offset 0xf9fa20> in /usr/lib/jvm/java-8-oracle/jre/lib/amd64/server/libjvm.so at 0x00007f562c5b8000
R11=0x000000000000020c is an unknown value
R12=0x0000000000000000 is an unknown value
R13=0x00007f560d60a798 is pointing into the stack for thread: 0x00007f55d4007000
R14=0x00000001003d4360 is pointing into metadata
R15=0x00007f55d4007000 is a thread


Stack: [0x00007f560d510000,0x00007f560d611000],  sp=0x00007f560d60a620,  free space=1001k
Native frames: (J=compiled Java code, j=interpreted, Vv=VM code, C=native code)
J  0x00007f5618cf788c

[error occurred during error reporting (printing native stack), id 0xb]


---------------  P R O C E S S  ---------------

Java Threads: ( => current thread )
  0x00007f55c0b4f800 JavaThread "Stdin handler" [_thread_blocked, id=6600, stack(0x00007f560d40f000,0x00007f560d510000)]
  0x00007f55d400e800 JavaThread "Cancel handler" [_thread_blocked, id=6599, stack(0x00007f560d611000,0x00007f560d712000)]
  0x00007f55d400d800 JavaThread "Handler for socket connection from /127.0.0.1:59574 to /127.0.0.1:35198" [_thread_in_native, id=6597, stack(0x00007f560d912000,0x00007f560da13000)]
  0x00007f55c047d000 JavaThread "process reaper" daemon [_thread_blocked, id=6573, stack(0x00007f560cb6c000,0x00007f560cba5000)]
  0x00007f55c03c4800 JavaThread "File lock request listener" [_thread_in_native, id=6571, stack(0x00007f560ce95000,0x00007f560cf96000)]
=>0x00007f55d4007000 JavaThread "Daemon worker" [_thread_in_Java, id=6566, stack(0x00007f560d510000,0x00007f560d611000)]
  0x00007f55d0005000 JavaThread "Daemon" [_thread_blocked, id=6563, stack(0x00007f560da13000,0x00007f560db14000)]
  0x00007f5628a10000 JavaThread "Incoming local TCP Connector on port 59574" [_thread_in_native, id=6562, stack(0x00007f560db14000,0x00007f560dc15000)]
  0x00007f56280cb800 JavaThread "Service Thread" daemon [_thread_blocked, id=6560, stack(0x00007f560ec2a000,0x00007f560ed2b000)]
  0x00007f56280be000 JavaThread "C1 CompilerThread2" daemon [_thread_blocked, id=6559, stack(0x00007f560ed2b000,0x00007f560ee2c000)]
  0x00007f56280bc800 JavaThread "C2 CompilerThread1" daemon [_thread_in_native, id=6558, stack(0x00007f560ee2c000,0x00007f560ef2d000)]
  0x00007f56280b9800 JavaThread "C2 CompilerThread0" daemon [_thread_in_native, id=6557, stack(0x00007f560ef2d000,0x00007f560f02e000)]
  0x00007f56280b8000 JavaThread "Signal Dispatcher" daemon [_thread_blocked, id=6556, stack(0x00007f560f02e000,0x00007f560f12f000)]
  0x00007f562807f000 JavaThread "Finalizer" daemon [_thread_blocked, id=6555, stack(0x00007f560f7d7000,0x00007f560f8d8000)]
  0x00007f562807c800 JavaThread "Reference Handler" daemon [_thread_blocked, id=6554, stack(0x00007f560f8d8000,0x00007f560f9d9000)]
  0x00007f562800a000 JavaThread "main" [_thread_blocked, id=6547, stack(0x00007f562e07f000,0x00007f562e180000)]

Other Threads:
  0x00007f5628077800 VMThread [stack: 0x00007f560f9d9000,0x00007f560fada000] [id=6553]
  0x00007f56280ce000 WatcherThread [stack: 0x00007f560eb29000,0x00007f560ec2a000] [id=6561]

VM state:not at safepoint (normal execution)

VM Mutex/Monitor currently owned by a thread: None

Heap:
 PSYoungGen      total 156672K, used 34600K [0x00000000eab00000, 0x00000000f5780000, 0x0000000100000000)
  eden space 140800K, 24% used [0x00000000eab00000,0x00000000eccca1e8,0x00000000f3480000)
  from space 15872K, 0% used [0x00000000f3480000,0x00000000f3480000,0x00000000f4400000)
  to   space 17920K, 0% used [0x00000000f4600000,0x00000000f4600000,0x00000000f5780000)
 ParOldGen       total 60928K, used 41247K [0x00000000c0000000, 0x00000000c3b80000, 0x00000000eab00000)
  object space 60928K, 67% used [0x00000000c0000000,0x00000000c2847f40,0x00000000c3b80000)
 Metaspace       used 42713K, capacity 44832K, committed 45056K, reserved 1087488K
  class space    used 5856K, capacity 6626K, committed 6656K, reserved 1048576K

Card table byte_map: [0x00007f5617bad000,0x00007f5617dae000] byte_map_base: 0x00007f56175ad000

Marking Bits: (ParMarkBitMap*) 0x00007f562d555760
 Begin Bits: [0x00007f5615653000, 0x00007f5616653000)
 End Bits:   [0x00007f5616653000, 0x00007f5617653000)

Polling page: 0x00007f562e19c000

CodeCache: size=245760Kb used=18433Kb max_used=18433Kb free=227327Kb
 bounds [0x00007f561816e000, 0x00007f561938e000, 0x00007f562716e000]
 total_blobs=5274 nmethods=4616 adapters=571
 compilation: enabled

Compilation events (10 events):
Event: 26,507 Thread 0x00007f56280be000 5051       3       com.sun.org.apache.xerces.internal.dom.AttrImpl::getNodeName (16 bytes)
Event: 26,508 Thread 0x00007f56280be000 nmethod 5051 0x00007f561937ca10 code [0x00007f561937cb80, 0x00007f561937cf08]
Event: 26,508 Thread 0x00007f56280be000 5050       3       com.sun.org.apache.xerces.internal.dom.NodeImpl::getOwnerDocument (23 bytes)
Event: 26,508 Thread 0x00007f56280be000 nmethod 5050 0x00007f561937cfd0 code [0x00007f561937d160, 0x00007f561937d608]
Event: 26,508 Thread 0x00007f56280be000 5052       3       org.gradle.api.internal.artifacts.repositories.resolver.MavenResolver::getLocalAccess (10 bytes)
Event: 26,508 Thread 0x00007f56280be000 nmethod 5052 0x00007f561937d710 code [0x00007f561937d8a0, 0x00007f561937dc70]
Event: 26,508 Thread 0x00007f56280be000 5053       3       org.gradle.api.internal.artifacts.repositories.resolver.MavenResolver$MavenLocalRepositoryAccess::<init> (6 bytes)
Event: 26,509 Thread 0x00007f56280be000 nmethod 5053 0x00007f561937de90 code [0x00007f561937e000, 0x00007f561937e310]
Event: 26,509 Thread 0x00007f56280be000 5054       3       org.gradle.api.internal.artifacts.repositories.resolver.MavenResolver$MavenLocalRepositoryAccess::<init> (11 bytes)
Event: 26,509 Thread 0x00007f56280be000 nmethod 5054 0x00007f561937e490 code [0x00007f561937e600, 0x00007f561937e8b0]

GC Heap History (10 events):
Event: 16,404 GC heap before
{Heap before GC invocations=18 (full 1):
 PSYoungGen      total 120832K, used 72515K [0x00000000eab00000, 0x00000000f2b00000, 0x0000000100000000)
  eden space 113664K, 57% used [0x00000000eab00000,0x00000000eeb42b28,0x00000000f1a00000)
  from space 7168K, 93% used [0x00000000f2400000,0x00000000f2a8e268,0x00000000f2b00000)
  to   space 8704K, 0% used [0x00000000f1a00000,0x00000000f1a00000,0x00000000f2280000)
 ParOldGen       total 33280K, used 13197K [0x00000000c0000000, 0x00000000c2080000, 0x00000000eab00000)
  object space 33280K, 39% used [0x00000000c0000000,0x00000000c0ce3630,0x00000000c2080000)
 Metaspace       used 34094K, capacity 35258K, committed 35416K, reserved 1079296K
  class space    used 4537K, capacity 5023K, committed 5120K, reserved 1048576K
Event: 16,436 GC heap after
Heap after GC invocations=18 (full 1):
 PSYoungGen      total 122368K, used 8698K [0x00000000eab00000, 0x00000000f5080000, 0x0000000100000000)
  eden space 113664K, 0% used [0x00000000eab00000,0x00000000eab00000,0x00000000f1a00000)
  from space 8704K, 99% used [0x00000000f1a00000,0x00000000f227ea68,0x00000000f2280000)
  to   space 12288K, 0% used [0x00000000f4480000,0x00000000f4480000,0x00000000f5080000)
 ParOldGen       total 33280K, used 17917K [0x00000000c0000000, 0x00000000c2080000, 0x00000000eab00000)
  object space 33280K, 53% used [0x00000000c0000000,0x00000000c117f7d0,0x00000000c2080000)
 Metaspace       used 34094K, capacity 35258K, committed 35416K, reserved 1079296K
  class space    used 4537K, capacity 5023K, committed 5120K, reserved 1048576K
}
Event: 16,436 GC heap before
{Heap before GC invocations=19 (full 2):
 PSYoungGen      total 122368K, used 8698K [0x00000000eab00000, 0x00000000f5080000, 0x0000000100000000)
  eden space 113664K, 0% used [0x00000000eab00000,0x00000000eab00000,0x00000000f1a00000)
  from space 8704K, 99% used [0x00000000f1a00000,0x00000000f227ea68,0x00000000f2280000)
  to   space 12288K, 0% used [0x00000000f4480000,0x00000000f4480000,0x00000000f5080000)
 ParOldGen       total 33280K, used 17917K [0x00000000c0000000, 0x00000000c2080000, 0x00000000eab00000)
  object space 33280K, 53% used [0x00000000c0000000,0x00000000c117f7d0,0x00000000c2080000)
 Metaspace       used 34094K, capacity 35258K, committed 35416K, reserved 1079296K
  class space    used 4537K, capacity 5023K, committed 5120K, reserved 1048576K
Event: 16,566 GC heap after
Heap after GC invocations=19 (full 2):
 PSYoungGen      total 122368K, used 0K [0x00000000eab00000, 0x00000000f5080000, 0x0000000100000000)
  eden space 113664K, 0% used [0x00000000eab00000,0x00000000eab00000,0x00000000f1a00000)
  from space 8704K, 0% used [0x00000000f1a00000,0x00000000f1a00000,0x00000000f2280000)
  to   space 12288K, 0% used [0x00000000f4480000,0x00000000f4480000,0x00000000f5080000)
 ParOldGen       total 60928K, used 24669K [0x00000000c0000000, 0x00000000c3b80000, 0x00000000eab00000)
  object space 60928K, 40% used [0x00000000c0000000,0x00000000c1817448,0x00000000c3b80000)
 Metaspace       used 34094K, capacity 35258K, committed 35416K, reserved 1079296K
  class space    used 4537K, capacity 5023K, committed 5120K, reserved 1048576K
}
Event: 18,360 GC heap before
{Heap before GC invocations=20 (full 2):
 PSYoungGen      total 122368K, used 113664K [0x00000000eab00000, 0x00000000f5080000, 0x0000000100000000)
  eden space 113664K, 100% used [0x00000000eab00000,0x00000000f1a00000,0x00000000f1a00000)
  from space 8704K, 0% used [0x00000000f1a00000,0x00000000f1a00000,0x00000000f2280000)
  to   space 12288K, 0% used [0x00000000f4480000,0x00000000f4480000,0x00000000f5080000)
 ParOldGen       total 60928K, used 24669K [0x00000000c0000000, 0x00000000c3b80000, 0x00000000eab00000)
  object space 60928K, 40% used [0x00000000c0000000,0x00000000c1817448,0x00000000c3b80000)
 Metaspace       used 38476K, capacity 39730K, committed 39808K, reserved 1083392K
  class space    used 5198K, capacity 5699K, committed 5760K, reserved 1048576K
Event: 18,390 GC heap after
Heap after GC invocations=20 (full 2):
 PSYoungGen      total 153088K, used 12257K [0x00000000eab00000, 0x00000000f5380000, 0x0000000100000000)
  eden space 140800K, 0% used [0x00000000eab00000,0x00000000eab00000,0x00000000f3480000)
  from space 12288K, 99% used [0x00000000f4480000,0x00000000f5078520,0x00000000f5080000)
  to   space 15872K, 0% used [0x00000000f3480000,0x00000000f3480000,0x00000000f4400000)
 ParOldGen       total 60928K, used 28017K [0x00000000c0000000, 0x00000000c3b80000, 0x00000000eab00000)
  object space 60928K, 45% used [0x00000000c0000000,0x00000000c1b5c578,0x00000000c3b80000)
 Metaspace       used 38476K, capacity 39730K, committed 39808K, reserved 1083392K
  class space    used 5198K, capacity 5699K, committed 5760K, reserved 1048576K
}
Event: 20,296 GC heap before
{Heap before GC invocations=21 (full 2):
 PSYoungGen      total 153088K, used 135785K [0x00000000eab00000, 0x00000000f5380000, 0x0000000100000000)
  eden space 140800K, 87% used [0x00000000eab00000,0x00000000f23a2138,0x00000000f3480000)
  from space 12288K, 99% used [0x00000000f4480000,0x00000000f5078520,0x00000000f5080000)
  to   space 15872K, 0% used [0x00000000f3480000,0x00000000f3480000,0x00000000f4400000)
 ParOldGen       total 60928K, used 28017K [0x00000000c0000000, 0x00000000c3b80000, 0x00000000eab00000)
  object space 60928K, 45% used [0x00000000c0000000,0x00000000c1b5c578,0x00000000c3b80000)
 Metaspace       used 42400K, capacity 44334K, committed 44544K, reserved 1087488K
  class space    used 5833K, capacity 6545K, committed 6656K, reserved 1048576K
Event: 20,346 GC heap after
Heap after GC invocations=21 (full 2):
 PSYoungGen      total 156672K, used 13664K [0x00000000eab00000, 0x00000000f5780000, 0x0000000100000000)
  eden space 140800K, 0% used [0x00000000eab00000,0x00000000eab00000,0x00000000f3480000)
  from space 15872K, 86% used [0x00000000f3480000,0x00000000f41d8340,0x00000000f4400000)
  to   space 17920K, 0% used [0x00000000f4600000,0x00000000f4600000,0x00000000f5780000)
 ParOldGen       total 60928K, used 37206K [0x00000000c0000000, 0x00000000c3b80000, 0x00000000eab00000)
  object space 60928K, 61% used [0x00000000c0000000,0x00000000c2455978,0x00000000c3b80000)
 Metaspace       used 42400K, capacity 44334K, committed 44544K, reserved 1087488K
  class space    used 5833K, capacity 6545K, committed 6656K, reserved 1048576K
}
Event: 20,346 GC heap before
{Heap before GC invocations=22 (full 3):
 PSYoungGen      total 156672K, used 13664K [0x00000000eab00000, 0x00000000f5780000, 0x0000000100000000)
  eden space 140800K, 0% used [0x00000000eab00000,0x00000000eab00000,0x00000000f3480000)
  from space 15872K, 86% used [0x00000000f3480000,0x00000000f41d8340,0x00000000f4400000)
  to   space 17920K, 0% used [0x00000000f4600000,0x00000000f4600000,0x00000000f5780000)
 ParOldGen       total 60928K, used 37206K [0x00000000c0000000, 0x00000000c3b80000, 0x00000000eab00000)
  object space 60928K, 61% used [0x00000000c0000000,0x00000000c2455978,0x00000000c3b80000)
 Metaspace       used 42400K, capacity 44334K, committed 44544K, reserved 1087488K
  class space    used 5833K, capacity 6545K, committed 6656K, reserved 1048576K
Event: 20,572 GC heap after
Heap after GC invocations=22 (full 3):
 PSYoungGen      total 156672K, used 0K [0x00000000eab00000, 0x00000000f5780000, 0x0000000100000000)
  eden space 140800K, 0% used [0x00000000eab00000,0x00000000eab00000,0x00000000f3480000)
  from space 15872K, 0% used [0x00000000f3480000,0x00000000f3480000,0x00000000f4400000)
  to   space 17920K, 0% used [0x00000000f4600000,0x00000000f4600000,0x00000000f5780000)
 ParOldGen       total 60928K, used 41247K [0x00000000c0000000, 0x00000000c3b80000, 0x00000000eab00000)
  object space 60928K, 67% used [0x00000000c0000000,0x00000000c2847f40,0x00000000c3b80000)
 Metaspace       used 42366K, capacity 44220K, committed 44544K, reserved 1087488K
  class space    used 5827K, capacity 6511K, committed 6656K, reserved 1048576K
}

Deoptimization events (10 events):
Event: 20,122 Thread 0x00007f55d4007000 Uncommon trap: reason=unstable_if action=reinterpret pc=0x00007f5619163df0 method=com.sun.beans.finder.MethodFinder.findAccessibleMethod(Ljava/lang/reflect/Method;)Ljava/lang/reflect/Method; @ 31
Event: 20,140 Thread 0x00007f55d4007000 Uncommon trap: reason=class_check action=maybe_recompile pc=0x00007f5618d4fdd4 method=java.util.AbstractList$Itr.hasNext()Z @ 8
Event: 20,140 Thread 0x00007f55d4007000 Uncommon trap: reason=class_check action=maybe_recompile pc=0x00007f561908ef48 method=java.util.AbstractList$Itr.next()Ljava/lang/Object; @ 14
Event: 20,140 Thread 0x00007f55d4007000 Uncommon trap: reason=class_check action=maybe_recompile pc=0x00007f561908ef48 method=java.util.AbstractList$Itr.next()Ljava/lang/Object; @ 14
Event: 20,152 Thread 0x00007f55d4007000 Uncommon trap: reason=class_check action=maybe_recompile pc=0x00007f561894c994 method=java.lang.Throwable.<init>(Ljava/lang/String;Ljava/lang/Throwable;)V @ 24
Event: 20,157 Thread 0x00007f55d4007000 Uncommon trap: reason=unstable_if action=reinterpret pc=0x00007f56191dde38 method=java.util.Formatter$FormatSpecifier.conversion(Ljava/lang/String;)C @ 80
Event: 20,171 Thread 0x00007f55d4007000 Uncommon trap: reason=unstable_if action=reinterpret pc=0x00007f5618eb939c method=java.lang.reflect.Proxy.isProxyClass(Ljava/lang/Class;)Z @ 6
Event: 20,294 Thread 0x00007f55c0005800 Uncommon trap: reason=unstable_if action=reinterpret pc=0x00007f5618d74444 method=java.util.concurrent.locks.AbstractQueuedSynchronizer.release(I)Z @ 14
Event: 20,294 Thread 0x00007f55d4007000 Uncommon trap: reason=unstable_if action=reinterpret pc=0x00007f5618419b14 method=java.util.concurrent.locks.AbstractQueuedSynchronizer.release(I)Z @ 14
Event: 20,655 Thread 0x00007f55d0005000 Uncommon trap: reason=unstable_if action=reinterpret pc=0x00007f56183ed8ec method=java.util.HashMap$HashIterator.<init>(Ljava/util/HashMap;)V @ 45

Internal exceptions (10 events):
Event: 20,649 Thread 0x00007f55d4003800 Exception <a 'java/lang/NoSuchMethodError': <clinit>> (0x00000000eae48008) thrown at [/RE-WORK/workspace/8-2-build-linux-amd64/jdk8u45/3457/hotspot/src/share/vm/prims/jni.cpp, line 1598]
Event: 25,851 Thread 0x00007f55d400d800 Exception <a 'java/lang/NoSuchMethodError': <clinit>> (0x00000000eaf98c80) thrown at [/RE-WORK/workspace/8-2-build-linux-amd64/jdk8u45/3457/hotspot/src/share/vm/prims/jni.cpp, line 1598]
Event: 25,859 Thread 0x00007f55d400d800 Exception <a 'java/lang/NoSuchMethodError': <clinit>> (0x00000000eafbb118) thrown at [/RE-WORK/workspace/8-2-build-linux-amd64/jdk8u45/3457/hotspot/src/share/vm/prims/jni.cpp, line 1598]
Event: 26,026 Thread 0x00007f55d4007000 Exception <a 'java/lang/ClassNotFoundException': asLocalRepo1_1681o5nhvw35ox7yj0jn66281BeanInfo> (0x00000000eb883c48) thrown at [/RE-WORK/workspace/8-2-build-linux-amd64/jdk8u45/3457/hotspot/src/share/vm/classfile/systemDictionary.cpp, line 210]
Event: 26,026 Thread 0x00007f55d4007000 Exception <a 'java/lang/ClassNotFoundException': asLocalRepo1_1681o5nhvw35ox7yj0jn66281Customizer> (0x00000000eb88d458) thrown at [/RE-WORK/workspace/8-2-build-linux-amd64/jdk8u45/3457/hotspot/src/share/vm/classfile/systemDictionary.cpp, line 210]
Event: 26,076 Thread 0x00007f55d4007000 Exception <a 'java/lang/ClassNotFoundException': settings_4k1i3t8y95sip17vg6umrp3bcBeanInfo> (0x00000000ebb75d90) thrown at [/RE-WORK/workspace/8-2-build-linux-amd64/jdk8u45/3457/hotspot/src/share/vm/classfile/systemDictionary.cpp, line 210]
Event: 26,076 Thread 0x00007f55d4007000 Exception <a 'java/lang/ClassNotFoundException': settings_4k1i3t8y95sip17vg6umrp3bcCustomizer> (0x00000000ebb7def8) thrown at [/RE-WORK/workspace/8-2-build-linux-amd64/jdk8u45/3457/hotspot/src/share/vm/classfile/systemDictionary.cpp, line 210]
Event: 26,128 Thread 0x00007f55d4007000 Exception <a 'java/lang/NoSuchMethodError': <clinit>> (0x00000000ebc4fe68) thrown at [/RE-WORK/workspace/8-2-build-linux-amd64/jdk8u45/3457/hotspot/src/share/vm/prims/jni.cpp, line 1598]
Event: 26,158 Thread 0x00007f55d4007000 Exception <a 'java/lang/ClassNotFoundException': build_alze0nfqiz8mutpn79p7dgjm1BeanInfo> (0x00000000ebd23b08) thrown at [/RE-WORK/workspace/8-2-build-linux-amd64/jdk8u45/3457/hotspot/src/share/vm/classfile/systemDictionary.cpp, line 210]
Event: 26,158 Thread 0x00007f55d4007000 Exception <a 'java/lang/ClassNotFoundException': build_alze0nfqiz8mutpn79p7dgjm1Customizer> (0x00000000ebd2b678) thrown at [/RE-WORK/workspace/8-2-build-linux-amd64/jdk8u45/3457/hotspot/src/share/vm/classfile/systemDictionary.cpp, line 210]

Events (10 events):
Event: 26,296 Thread 0x00007f55d4007000 DEOPT PACKING pc=0x00007f5618fc211e sp=0x00007f560d60c240
Event: 26,296 Thread 0x00007f55d4007000 DEOPT UNPACKING pc=0x00007f56181b5233 sp=0x00007f560d60c098 mode 0
Event: 26,321 Thread 0x00007f55d4007000 DEOPT PACKING pc=0x00007f5618fc211e sp=0x00007f560d60a790
Event: 26,321 Thread 0x00007f55d4007000 DEOPT UNPACKING pc=0x00007f56181b5233 sp=0x00007f560d60a5e8 mode 0
Event: 26,347 Thread 0x00007f55d4007000 DEOPT PACKING pc=0x00007f5618fc211e sp=0x00007f560d60bf80
Event: 26,347 Thread 0x00007f55d4007000 DEOPT UNPACKING pc=0x00007f56181b5233 sp=0x00007f560d60bdd8 mode 0
Event: 26,363 Thread 0x00007f55d4007000 DEOPT PACKING pc=0x00007f5618fc211e sp=0x00007f560d60c130
Event: 26,363 Thread 0x00007f55d4007000 DEOPT UNPACKING pc=0x00007f56181b5233 sp=0x00007f560d60bf88 mode 0
Event: 26,411 Thread 0x00007f55d4007000 DEOPT PACKING pc=0x00007f5618fc211e sp=0x00007f560d60bf80
Event: 26,411 Thread 0x00007f55d4007000 DEOPT UNPACKING pc=0x00007f56181b5233 sp=0x00007f560d60bdd8 mode 0


Dynamic libraries:
00400000-00401000 r-xp 00000000 08:11 2369841                            /usr/lib/jvm/java-8-oracle/bin/java
00600000-00601000 rw-p 00000000 08:11 2369841                            /usr/lib/jvm/java-8-oracle/bin/java
00659000-0067a000 rw-p 00000000 00:00 0                                  [heap]
c0000000-c3b80000 rw-p 00000000 00:00 0 
c3b80000-eab00000 ---p 00000000 00:00 0 
eab00000-f5780000 rw-p 00000000 00:00 0 
f5780000-100000000 ---p 00000000 00:00 0 
100000000-100680000 rw-p 00000000 00:00 0 
100680000-140000000 ---p 00000000 00:00 0 
7f55b8000000-7f55b8021000 rw-p 00000000 00:00 0 
7f55b8021000-7f55bc000000 ---p 00000000 00:00 0 
7f55bc000000-7f55bc021000 rw-p 00000000 00:00 0 
7f55bc021000-7f55c0000000 ---p 00000000 00:00 0 
7f55c0000000-7f55c0ebc000 rw-p 00000000 00:00 0 
7f55c0ebc000-7f55c4000000 ---p 00000000 00:00 0 
7f55c4000000-7f55c4021000 rw-p 00000000 00:00 0 
7f55c4021000-7f55c8000000 ---p 00000000 00:00 0 
7f55c8000000-7f55c8021000 rw-p 00000000 00:00 0 
7f55c8021000-7f55cc000000 ---p 00000000 00:00 0 
7f55cc000000-7f55cc021000 rw-p 00000000 00:00 0 
7f55cc021000-7f55d0000000 ---p 00000000 00:00 0 
7f55d0000000-7f55d002b000 rw-p 00000000 00:00 0 
7f55d002b000-7f55d4000000 ---p 00000000 00:00 0 
7f55d4000000-7f55d4028000 rw-p 00000000 00:00 0 
7f55d4028000-7f55d8000000 ---p 00000000 00:00 0 
7f55d8000000-7f55d8021000 rw-p 00000000 00:00 0 
7f55d8021000-7f55dc000000 ---p 00000000 00:00 0 
7f55dc000000-7f55dc021000 rw-p 00000000 00:00 0 
7f55dc021000-7f55e0000000 ---p 00000000 00:00 0 
7f55e0000000-7f55e1ada000 rw-p 00000000 00:00 0 
7f55e1ada000-7f55e4000000 ---p 00000000 00:00 0 
7f55e4000000-7f55e47b4000 rw-p 00000000 00:00 0 
7f55e47b4000-7f55e8000000 ---p 00000000 00:00 0 
7f55e8000000-7f55e8021000 rw-p 00000000 00:00 0 
7f55e8021000-7f55ec000000 ---p 00000000 00:00 0 
7f55ec000000-7f55ee000000 rw-p 00000000 00:00 0 
7f55ee000000-7f55f0000000 ---p 00000000 00:00 0 
7f55f0000000-7f55f0021000 rw-p 00000000 00:00 0 
7f55f0021000-7f55f4000000 ---p 00000000 00:00 0 
7f55f4000000-7f55f4021000 rw-p 00000000 00:00 0 
7f55f4021000-7f55f8000000 ---p 00000000 00:00 0 
7f55f8000000-7f55f8021000 rw-p 00000000 00:00 0 
7f55f8021000-7f55fc000000 ---p 00000000 00:00 0 
7f55fc000000-7f55fc021000 rw-p 00000000 00:00 0 
7f55fc021000-7f5600000000 ---p 00000000 00:00 0 
7f5600000000-7f5600021000 rw-p 00000000 00:00 0 
7f5600021000-7f5604000000 ---p 00000000 00:00 0 
7f560732d000-7f56074ad000 rw-p 00000000 00:00 0 
7f56074ad000-7f560752d000 ---p 00000000 00:00 0 
7f560752d000-7f560772d000 rw-p 00000000 00:00 0 
7f560772d000-7f560792d000 rw-p 00000000 00:00 0 
7f560792d000-7f5607b2d000 rw-p 00000000 00:00 0 
7f5607b2d000-7f5607d2d000 rw-p 00000000 00:00 0 
7f5607d2d000-7f5607f2d000 rw-p 00000000 00:00 0 
7f5607f2d000-7f5607f35000 r--s 000a8000 08:11 5111814                    /opt/android-studio/gradle/m2repository/com/android/tools/external/lombok/lombok-ast/0.2.3/lombok-ast-0.2.3.jar
7f5607f35000-7f5607f37000 r--s 0000d000 08:11 5111962                    /opt/android-studio/gradle/m2repository/commons-codec/commons-codec/1.4/commons-codec-1.4.jar
7f5607f37000-7f5607f39000 r--s 0000d000 08:11 4983765                    /opt/android-studio/gradle/m2repository/commons-logging/commons-logging/1.1.1/commons-logging-1.1.1.jar
7f5607f39000-7f5607f3e000 r--s 00028000 08:11 4983804                    /opt/android-studio/gradle/m2repository/org/apache/httpcomponents/httpcore/4.1/httpcore-4.1.jar
7f5607f3e000-7f5607f3f000 r--s 00004000 08:11 4983862                    /opt/android-studio/gradle/m2repository/org/ow2/asm/asm-analysis/5.0.3/asm-analysis-5.0.3.jar
7f5607f3f000-7f5607f42000 r--s 0002b000 08:11 3801257                    /home/livs/.gradle/caches/modules-2/files-2.1/com.android.tools.lint/lint-api/24.2.3/c3648cf4ae2ff004360e31ed177271d88ecd093a/lint-api-24.2.3.jar
7f5607f42000-7f5607f43000 r--s 0000a000 08:11 5111958                    /opt/android-studio/gradle/m2repository/net/sf/kxml/kxml2/2.3.0/kxml2-2.3.0.jar
7f5607f43000-7f5607f6e000 r--s 001f9000 08:11 4983919                    /opt/android-studio/gradle/m2repository/com/google/guava/guava/17.0/guava-17.0.jar
7f5607f6e000-7f5607f70000 r--s 00005000 08:11 4983797                    /opt/android-studio/gradle/m2repository/org/apache/httpcomponents/httpmime/4.1/httpmime-4.1.jar
7f5607f70000-7f5607f78000 r--s 0004e000 08:11 4983813                    /opt/android-studio/gradle/m2repository/org/apache/httpcomponents/httpclient/4.1.1/httpclient-4.1.1.jar
7f5607f78000-7f5607f7f000 r--s 00053000 08:11 4983821                    /opt/android-studio/gradle/m2repository/org/apache/commons/commons-compress/1.8.1/commons-compress-1.8.1.jar
7f5607f7f000-7f5607f80000 r--s 00005000 08:11 3801255                    /home/livs/.gradle/caches/modules-2/files-2.1/com.android.tools/dvlib/24.2.3/14e95bd58c53762138210f48eeb5d670e11ccdba/dvlib-24.2.3.jar
7f5607f80000-7f5607f83000 r--s 00012000 08:11 3801254                    /home/livs/.gradle/caches/modules-2/files-2.1/com.android.tools.layoutlib/layoutlib-api/24.2.3/267861b0cc93c5c9cf85d901e9e1e975ae109fd/layoutlib-api-24.2.3.jar
7f5607f83000-7f5607f84000 r--s 00001000 08:11 3801253                    /home/livs/.gradle/caches/modules-2/files-2.1/com.android.tools/annotations/24.2.3/5cfce42220293835e7988ceefd9b0f4e9f284791/annotations-24.2.3.jar
7f5607f84000-7f5607f94000 r--s 000d3000 08:11 5111940                    /opt/android-studio/gradle/m2repository/net/sf/proguard/proguard-base/5.1/proguard-base-5.1.jar
7f5607f94000-7f5607fa6000 r--s 00220000 08:11 4983781                    /opt/android-studio/gradle/m2repository/org/eclipse/jdt/core/compiler/ecj/4.4/ecj-4.4.jar
7f5607fa6000-7f5607fac000 r--s 00093000 08:11 3801256                    /home/livs/.gradle/caches/modules-2/files-2.1/com.android.tools.lint/lint-checks/24.2.3/59fb927f5817e16796297140add6c879ee752f37/lint-checks-24.2.3.jar
7f5607fac000-7f5607fb1000 r--s 0002a000 08:11 4983912                    /opt/android-studio/gradle/m2repository/com/google/code/gson/gson/2.2.4/gson-2.2.4.jar
7f5607fb1000-7f5607fb3000 r--s 00006000 08:11 4983886                    /opt/android-studio/gradle/m2repository/org/ow2/asm/asm-tree/5.0.3/asm-tree-5.0.3.jar
7f5607fb3000-7f5607fb4000 r--s 0000c000 08:11 4983874                    /opt/android-studio/gradle/m2repository/org/ow2/asm/asm/5.0.3/asm-5.0.3.jar
7f5607fb4000-7f5607fe7000 r--s 00203000 08:11 4983845                    /opt/android-studio/gradle/m2repository/org/bouncycastle/bcprov-jdk15on/1.48/bcprov-jdk15on-1.48.jar
7f5607fe7000-7f5607ff5000 r--s 00081000 08:11 4983839                    /opt/android-studio/gradle/m2repository/org/bouncycastle/bcpkix-jdk15on/1.48/bcpkix-jdk15on-1.48.jar
7f5607ff5000-7f5607ff7000 r--s 00002000 08:11 4983901                    /opt/android-studio/gradle/m2repository/com/squareup/javawriter/2.5.0/javawriter-2.5.0.jar
7f5607ff7000-7f5607ffc000 r--s 00042000 08:11 3801252                    /home/livs/.gradle/caches/modules-2/files-2.1/com.android.tools.ddms/ddmlib/24.2.3/72e612ad93e7b12d8f71c584f1f65a81e864e4de/ddmlib-24.2.3.jar
7f5607ffc000-7f5608000000 r--s 00029000 08:11 3801251                    /home/livs/.gradle/caches/modules-2/files-2.1/com.android.tools.build/manifest-merger/24.2.3/ac192088836974da767392eadc3beb16d37b65b3/manifest-merger-24.2.3.jar
7f5608000000-7f5608021000 rw-p 00000000 00:00 0 
7f5608021000-7f560c000000 ---p 00000000 00:00 0 
7f560c000000-7f560c002000 r--s 00012000 08:11 3801250                    /home/livs/.gradle/caches/modules-2/files-2.1/com.android.tools/common/24.2.3/1bcbdeecd08852eba2954b8376ef8cbf7704b39b/common-24.2.3.jar
7f560c002000-7f560c008000 r--s 0005f000 08:11 3801249                    /home/livs/.gradle/caches/modules-2/files-2.1/com.android.tools/sdk-common/24.2.3/c59b15bdc3aaf46b13491827d8a6abaa6d5213b3/sdk-common-24.2.3.jar
7f560c008000-7f560c012000 r--s 000a9000 08:11 3801248                    /home/livs/.gradle/caches/modules-2/files-2.1/com.android.tools/sdklib/24.2.3/2e1b33d6544db11d30fa0037ee6751675ae42329/sdklib-24.2.3.jar
7f560c012000-7f560c013000 r--s 00002000 08:11 3801247                    /home/livs/.gradle/caches/modules-2/files-2.1/com.android.tools.build/builder-test-api/1.2.3/821301502b154d3a66d93b72bcb9ffeba4487acd/builder-test-api-1.2.3.jar
7f560c013000-7f560c015000 r--s 00004000 08:11 3801246                    /home/livs/.gradle/caches/modules-2/files-2.1/com.android.tools.build/builder-model/1.2.3/31a6a8af1d5a4f528a5d0fa567fcd8234d100bd1/builder-model-1.2.3.jar
7f560c015000-7f560c016000 r--s 00002000 08:11 5111945                    /opt/android-studio/gradle/m2repository/net/sf/proguard/proguard-gradle/5.1/proguard-gradle-5.1.jar
7f560c016000-7f560c018000 r--s 0001a000 08:11 3801245                    /home/livs/.gradle/caches/modules-2/files-2.1/com.android.tools.lint/lint/24.2.3/3b2976b2b1b2e8cb13cb2224da81f624081db38a/lint-24.2.3.jar
7f560c018000-7f560c01d000 r--s 00039000 08:11 3801244                    /home/livs/.gradle/caches/modules-2/files-2.1/com.android.tools.build/builder/1.2.3/4530e2d560877a7a514b63500e7263c973ee2413/builder-1.2.3.jar
7f560c01d000-7f560c030000 r--s 0015d000 08:11 3801243                    /home/livs/.gradle/caches/modules-2/files-2.1/com.android.tools.build/gradle-core/1.2.3/4a448f6ea508a2b547a3fea4033d2b68d287a188/gradle-core-1.2.3.jar
7f560c030000-7f560c032000 r--s 0000c000 08:11 3801242                    /home/livs/.gradle/caches/modules-2/files-2.1/com.android.tools.build/gradle/1.2.3/2fc5a2f1ac2e86c5c4bb57241330198b2355e621/gradle-1.2.3.jar
7f560c032000-7f560c232000 rw-p 00000000 00:00 0 
7f560c232000-7f560c432000 rw-p 00000000 00:00 0 
7f560c432000-7f560c49e000 r--s 00696000 08:11 4721365                    /opt/android-studio/lib/groovy-all-2.3.9.jar
7f560c49e000-7f560c4a0000 r--s 00006000 08:11 5112054                    /opt/android-studio/plugins/gradle/lib/gradle-tooling-extension-api.jar
7f560c4a0000-7f560c565000 r--s 010df000 08:11 4721303                    /opt/android-studio/lib/openapi.jar
7f560c565000-7f560c567000 r--s 00025000 08:11 5112040                    /opt/android-studio/plugins/gradle/lib/gradle-tooling-extension-impl.jar
7f560c567000-7f560c56c000 r--s 0002e000 08:11 4721251                    /opt/android-studio/lib/gson-2.3.jar
7f560c56c000-7f560c76c000 rw-p 00000000 00:00 0 
7f560c76c000-7f560c96c000 rw-p 00000000 00:00 0 
7f560c96c000-7f560cb6c000 rw-p 00000000 00:00 0 
7f560cb6c000-7f560cb6f000 ---p 00000000 00:00 0 
7f560cb6f000-7f560cba5000 rw-p 00000000 00:00 0                          [stack:6573]
7f560cba5000-7f560cba6000 r--p 00000000 00:00 0 
7f560cba6000-7f560cda6000 rw-p 00000000 00:00 0 
7f560cda6000-7f560cda8000 r--s 00004000 08:11 1316084                    /home/livs/.gradle/caches/jars-1/qtven7mi8z3hsfxxq8clnrju24s99pt/builder-model-1.1.0-rc1.jar
7f560cda8000-7f560ce6d000 r--s 010df000 08:11 1316082                    /home/livs/.gradle/caches/jars-1/m651p88jh4h00gttx7iy57283q9o6vo/openapi.jar
7f560ce6d000-7f560ce95000 r--s 001cf000 08:11 1316076                    /home/livs/.gradle/caches/jars-1/87eo0lrvp84r6dbxjq018wy66es2era/guava-jdk5-17.0.jar
7f560ce95000-7f560ce98000 ---p 00000000 00:00 0 
7f560ce98000-7f560d196000 rw-p 00000000 00:00 0                          [stack:6571]
7f560d196000-7f560d396000 rw-p 00000000 00:00 0 
7f560d396000-7f560d40f000 r--s 010e7000 08:11 2623814                    /usr/lib/jvm/java-8-oracle/lib/tools.jar
7f560d40f000-7f560d412000 ---p 00000000 00:00 0 
7f560d412000-7f560d510000 rw-p 00000000 00:00 0                          [stack:6600]
7f560d510000-7f560d513000 ---p 00000000 00:00 0 
7f560d513000-7f560d611000 rw-p 00000000 00:00 0                          [stack:6566]
7f560d611000-7f560d614000 ---p 00000000 00:00 0 
7f560d614000-7f560d912000 rw-p 00000000 00:00 0                          [stack:6599]
7f560d912000-7f560d915000 ---p 00000000 00:00 0 
7f560d915000-7f560da13000 rw-p 00000000 00:00 0                          [stack:6597]
7f560da13000-7f560da16000 ---p 00000000 00:00 0 
7f560da16000-7f560db14000 rw-p 00000000 00:00 0                          [stack:6563]
7f560db14000-7f560db17000 ---p 00000000 00:00 0 
7f560db17000-7f560dc15000 rw-p 00000000 00:00 0                          [stack:6562]
7f560dc15000-7f560dc26000 r-xp 00000000 08:11 4983555                    /usr/lib/jvm/java-8-oracle/jre/lib/amd64/libnio.so
7f560dc26000-7f560de25000 ---p 00011000 08:11 4983555                    /usr/lib/jvm/java-8-oracle/jre/lib/amd64/libnio.so
7f560de25000-7f560de26000 rw-p 00010000 08:11 4983555                    /usr/lib/jvm/java-8-oracle/jre/lib/amd64/libnio.so
7f560de26000-7f560de3c000 r-xp 00000000 08:11 4983536                    /usr/lib/jvm/java-8-oracle/jre/lib/amd64/libnet.so
7f560de3c000-7f560e03c000 ---p 00016000 08:11 4983536                    /usr/lib/jvm/java-8-oracle/jre/lib/amd64/libnet.so
7f560e03c000-7f560e03d000 rw-p 00016000 08:11 4983536                    /usr/lib/jvm/java-8-oracle/jre/lib/amd64/libnet.so
7f560e03d000-7f560e053000 r-xp 00000000 08:11 2625537                    /lib/x86_64-linux-gnu/libgcc_s.so.1
7f560e053000-7f560e252000 ---p 00016000 08:11 2625537                    /lib/x86_64-linux-gnu/libgcc_s.so.1
7f560e252000-7f560e253000 rw-p 00015000 08:11 2625537                    /lib/x86_64-linux-gnu/libgcc_s.so.1
7f560e253000-7f560e339000 r-xp 00000000 08:11 2231843                    /usr/lib/x86_64-linux-gnu/libstdc++.so.6.0.19
7f560e339000-7f560e538000 ---p 000e6000 08:11 2231843                    /usr/lib/x86_64-linux-gnu/libstdc++.so.6.0.19
7f560e538000-7f560e540000 r--p 000e5000 08:11 2231843                    /usr/lib/x86_64-linux-gnu/libstdc++.so.6.0.19
7f560e540000-7f560e542000 rw-p 000ed000 08:11 2231843                    /usr/lib/x86_64-linux-gnu/libstdc++.so.6.0.19
7f560e542000-7f560e557000 rw-p 00000000 00:00 0 
7f560e557000-7f560e558000 r--s 00000000 08:11 1316086                    /home/livs/.gradle/caches/jars-1/dg22azhabc6tsc1i8xni15giz1bnssh/gradle-appengine-builder-model-0.1.0.jar
7f560e558000-7f560e55a000 r--s 00006000 08:11 1316080                    /home/livs/.gradle/caches/jars-1/9x5as7x193vacd7rzbmq9exiep5tv03/gradle-tooling-extension-api.jar
7f560e55a000-7f560e560000 r--s 00026000 08:11 1316078                    /home/livs/.gradle/caches/jars-1/qlb402qqdb9mu9614i3hr843cfch7zw/gradle-base-services-2.2.jar
7f560e560000-7f560e569000 r--s 0002c000 08:11 1316074                    /home/livs/.gradle/caches/jars-1/ltkluv74baem3ersp41z8rutm6he5v5/gradle-tooling-api-2.2.jar
7f560e569000-7f560e570000 r--s 00000000 08:11 2365331                    /usr/lib/x86_64-linux-gnu/gconv/gconv-modules.cache
7f560e570000-7f560e574000 r-xp 00000000 08:11 5786059                    /tmp/native-platform183189616923711656dir/libnative-platform.so
7f560e574000-7f560e773000 ---p 00004000 08:11 5786059                    /tmp/native-platform183189616923711656dir/libnative-platform.so
7f560e773000-7f560e774000 rw-p 00003000 08:11 5786059                    /tmp/native-platform183189616923711656dir/libnative-platform.so
7f560e774000-7f560e779000 r--s 00094000 08:11 2508672                    /usr/lib/jvm/java-8-oracle/jre/lib/jsse.jar
7f560e779000-7f560e77a000 r--s 00001000 08:11 4983747                    /opt/android-studio/gradle/gradle-2.2.1/lib/plugins/gradle-plugin-development-2.2.1.jar
7f560e77a000-7f560e77c000 r--s 00002000 08:11 4983668                    /opt/android-studio/gradle/gradle-2.2.1/lib/plugins/gradle-cunit-2.2.1.jar
7f560e77c000-7f560e781000 r--s 00036000 08:11 4983736                    /opt/android-studio/gradle/gradle-2.2.1/lib/plugins/gradle-ide-native-2.2.1.jar
7f560e781000-7f560e786000 r--s 00013000 08:11 4983706                    /opt/android-studio/gradle/gradle-2.2.1/lib/plugins/gradle-language-native-2.2.1.jar
7f560e786000-7f560e791000 r--s 0004d000 08:11 4983719                    /opt/android-studio/gradle/gradle-2.2.1/lib/plugins/gradle-platform-native-2.2.1.jar
7f560e791000-7f560e793000 r--s 00008000 08:11 4983690                    /opt/android-studio/gradle/gradle-2.2.1/lib/plugins/gradle-language-groovy-2.2.1.jar
7f560e793000-7f560e798000 r--s 00022000 08:11 4983755                    /opt/android-studio/gradle/gradle-2.2.1/lib/plugins/gradle-language-java-2.2.1.jar
7f560e798000-7f560e79b000 r--s 00007000 08:11 4983724                    /opt/android-studio/gradle/gradle-2.2.1/lib/plugins/gradle-language-jvm-2.2.1.jar
7f560e79b000-7f560e79e000 r--s 00009000 08:11 4983693                    /opt/android-studio/gradle/gradle-2.2.1/lib/plugins/gradle-platform-jvm-2.2.1.jar
7f560e79e000-7f560e7a3000 r--s 00018000 08:11 4983671                    /opt/android-studio/gradle/gradle-2.2.1/lib/plugins/gradle-platform-base-2.2.1.jar
7f560e7a3000-7f560e7a8000 r--s 00026000 08:11 4983757                    /opt/android-studio/gradle/gradle-2.2.1/lib/plugins/gradle-build-init-2.2.1.jar
7f560e7a8000-7f560e7ab000 r--s 0001d000 08:11 4983737                    /opt/android-studio/gradle/gradle-2.2.1/lib/plugins/gradle-jacoco-2.2.1.jar
7f560e7ab000-7f560e7ae000 r--s 0000d000 08:11 4983729                    /opt/android-studio/gradle/gradle-2.2.1/lib/plugins/gradle-ivy-2.2.1.jar
7f560e7ae000-7f560e7b0000 r--s 00002000 08:11 4983731                    /opt/android-studio/gradle/gradle-2.2.1/lib/plugins/gradle-publish-2.2.1.jar
7f560e7b0000-7f560e7b2000 r--s 00005000 08:11 4983698                    /opt/android-studio/gradle/gradle-2.2.1/lib/plugins/jatl-0.2.2.jar
7f560e7b2000-7f560e7b4000 r--s 0000f000 08:11 4983726                    /opt/android-studio/gradle/gradle-2.2.1/lib/plugins/gradle-reporting-2.2.1.jar
7f560e7b4000-7f560e7b9000 r--s 00034000 08:11 4983733                    /opt/android-studio/gradle/gradle-2.2.1/lib/plugins/gradle-diagnostics-2.2.1.jar
7f560e7b9000-7f560e7c0000 r--s 00090000 08:11 4983675                    /opt/android-studio/gradle/gradle-2.2.1/lib/plugins/gradle-build-comparison-2.2.1.jar
7f560e7c0000-7f560e7c7000 r--s 00035000 08:11 4983714                    /opt/android-studio/gradle/gradle-2.2.1/lib/plugins/simple-4.1.21.jar
7f560e7c7000-7f560e7d3000 r--s 00100000 08:11 4983745                    /opt/android-studio/gradle/gradle-2.2.1/lib/plugins/rhino-1.7R3.jar
7f560e7d3000-7f560e7d8000 r--s 0001f000 08:11 4983732                    /opt/android-studio/gradle/gradle-2.2.1/lib/plugins/gradle-javascript-2.2.1.jar
7f560e7d8000-7f560e7da000 r--s 0000e000 08:11 4983730                    /opt/android-studio/gradle/gradle-2.2.1/lib/plugins/gradle-ear-2.2.1.jar
7f560e7da000-7f560e7de000 r--s 00025000 08:11 4983667                    /opt/android-studio/gradle/gradle-2.2.1/lib/plugins/bcpg-jdk15-1.46.jar
7f560e7de000-7f560e7e1000 r--s 0001d000 08:11 4983678                    /opt/android-studio/gradle/gradle-2.2.1/lib/plugins/gradle-signing-2.2.1.jar
7f560e7e1000-7f560e7e2000 r--s 00002000 08:11 4983660                    /opt/android-studio/gradle/gradle-2.2.1/lib/plugins/sonar-batch-bootstrapper-2.9.jar
7f560e7e2000-7f560e7e5000 r--s 00018000 08:11 4983704                    /opt/android-studio/gradle/gradle-2.2.1/lib/plugins/gradle-sonar-2.2.1.jar
7f560e7e5000-7f560e7e8000 r--s 00017000 08:11 4983689                    /opt/android-studio/gradle/gradle-2.2.1/lib/plugins/gradle-scala-2.2.1.jar
7f560e7e8000-7f560e7ea000 r--s 0000e000 08:11 4983695                    /opt/android-studio/gradle/gradle-2.2.1/lib/plugins/gradle-announce-2.2.1.jar
7f560e7ea000-7f560e7f8000 r--s 000bc000 08:11 4983672                    /opt/android-studio/gradle/gradle-2.2.1/lib/plugins/gradle-ide-2.2.1.jar
7f560e7f8000-7f560e7fa000 r--s 00000000 08:11 4983738                    /opt/android-studio/gradle/gradle-2.2.1/lib/plugins/plexus-component-annotations-1.5.2.jar
7f560e7fa000-7f560e7fd000 r--s 0000c000 08:11 4983694                    /opt/android-studio/gradle/gradle-2.2.1/lib/plugins/pmaven-groovy-0.8-20100325.jar
7f560e7fd000-7f560e7fe000 r--s 00004000 08:11 4983715                    /opt/android-studio/gradle/gradle-2.2.1/lib/plugins/pmaven-common-0.8-20100325.jar
7f560e7fe000-7f560e802000 r--s 0001e000 08:11 4983712                    /opt/android-studio/gradle/gradle-2.2.1/lib/plugins/gradle-maven-2.2.1.jar
7f560e802000-7f560e81a000 r--s 0013b000 08:11 4983749                    /opt/android-studio/gradle/gradle-2.2.1/lib/plugins/bndlib-2.1.0.jar
7f560e81a000-7f560e81c000 r--s 00004000 08:11 4983682                    /opt/android-studio/gradle/gradle-2.2.1/lib/plugins/gradle-osgi-2.2.1.jar
7f560e81c000-7f560e821000 r--s 00068000 08:11 4983713                    /opt/android-studio/gradle/gradle-2.2.1/lib/plugins/antlr-2.7.7.jar
7f560e821000-7f560e822000 r--s 00002000 08:11 4983744                    /opt/android-studio/gradle/gradle-2.2.1/lib/plugins/ant-antlr-1.9.3.jar
7f560e822000-7f560e824000 r--s 00004000 08:11 4983735                    /opt/android-studio/gradle/gradle-2.2.1/lib/plugins/gradle-antlr-2.2.1.jar
7f560e824000-7f560e827000 r--s 0001e000 08:11 4983708                    /opt/android-studio/gradle/gradle-2.2.1/lib/plugins/jsp-api-2.1-6.1.14.jar
7f560e827000-7f560e84a000 r--s 00344000 08:11 4983739                    /opt/android-studio/gradle/gradle-2.2.1/lib/plugins/core-3.1.1.jar
7f560e84a000-7f560e84b000 r--s 00006000 08:11 4983758                    /opt/android-studio/gradle/gradle-2.2.1/lib/plugins/jetty-naming-6.1.25.jar
7f560e84b000-7f560e84c000 r--s 00002000 08:11 4983687                    /opt/android-studio/gradle/gradle-2.2.1/lib/plugins/geronimo-annotation_1.0_spec-1.0.jar
7f560e84c000-7f560e84e000 r--s 00002000 08:11 4983700                    /opt/android-studio/gradle/gradle-2.2.1/lib/plugins/jetty-annotations-6.1.25.jar
7f560e84e000-7f560e85f000 r--s 000ea000 08:11 4983720                    /opt/android-studio/gradle/gradle-2.2.1/lib/plugins/jsp-2.1-6.1.14.jar
7f560e85f000-7f560e861000 r--s 0000d000 08:11 4983670                    /opt/android-studio/gradle/gradle-2.2.1/lib/plugins/jetty-plus-6.1.25.jar
7f560e861000-7f560e863000 r--s 0001f000 08:11 4983692                    /opt/android-studio/gradle/gradle-2.2.1/lib/plugins/servlet-api-2.5-20081211.jar
7f560e863000-7f560e867000 r--s 00028000 08:11 4983661                    /opt/android-studio/gradle/gradle-2.2.1/lib/plugins/jetty-util-6.1.25.jar
7f560e867000-7f560e86e000 r--s 0007d000 08:11 4983722                    /opt/android-studio/gradle/gradle-2.2.1/lib/plugins/jetty-6.1.25.jar
7f560e86e000-7f560e870000 r--s 00009000 08:11 4983681                    /opt/android-studio/gradle/gradle-2.2.1/lib/plugins/gradle-jetty-2.2.1.jar
7f560e870000-7f560e875000 r--s 00041000 08:11 4983684                    /opt/android-studio/gradle/gradle-2.2.1/lib/plugins/gradle-code-quality-2.2.1.jar
7f560e875000-7f560e877000 r--s 00009000 08:11 4983688                    /opt/android-studio/gradle/gradle-2.2.1/lib/plugins/hamcrest-core-1.3.jar
7f560e877000-7f560e87d000 r--s 00033000 08:11 4983725                    /opt/android-studio/gradle/gradle-2.2.1/lib/plugins/snakeyaml-1.6.jar
7f560e87d000-7f560e87f000 r--s 00006000 08:11 4983673                    /opt/android-studio/gradle/gradle-2.2.1/lib/plugins/jcommander-1.12.jar
7f560e87f000-7f560e884000 r--s 00040000 08:11 4983734                    /opt/android-studio/gradle/gradle-2.2.1/lib/plugins/bsh-2.0b4.jar
7f560e884000-7f560e886000 r--s 00009000 08:11 4983665                    /opt/android-studio/gradle/gradle-2.2.1/lib/plugins/commons-cli-1.2.jar
7f560e886000-7f560e88f000 r--s 00089000 08:11 4983685                    /opt/android-studio/gradle/gradle-2.2.1/lib/plugins/testng-6.3.1.jar
7f560e88f000-7f560e895000 r--s 00036000 08:11 4983709                    /opt/android-studio/gradle/gradle-2.2.1/lib/plugins/junit-4.11.jar
7f560e895000-7f560e8a1000 r--s 00075000 08:11 4983679                    /opt/android-studio/gradle/gradle-2.2.1/lib/plugins/gradle-plugins-2.2.1.jar
7f560e8a1000-7f560e8a4000 r--s 00011000 08:11 4983662                    /opt/android-studio/gradle/gradle-2.2.1/lib/plugins/gradle-plugin-use-2.2.1.jar
7f560e8a4000-7f560e8bc000 r--s 00115000 08:11 4983717                    /opt/android-studio/gradle/gradle-2.2.1/lib/plugins/xercesImpl-2.9.1.jar
7f560e8bc000-7f560e8c4000 r--s 00028000 08:11 4983701                    /opt/android-studio/gradle/gradle-2.2.1/lib/plugins/xml-apis-1.3.04.jar
7f560e8c4000-7f560e8ca000 r--s 0005b000 08:11 4983664                    /opt/android-studio/gradle/gradle-2.2.1/lib/plugins/jcifs-1.3.17.jar
7f560e8ca000-7f560e8d0000 r--s 00031000 08:11 4983674                    /opt/android-studio/gradle/gradle-2.2.1/lib/plugins/httpcore-4.2.2.jar
7f560e8d0000-7f560e8d6000 r--s 00033000 08:11 4983663                    /opt/android-studio/gradle/gradle-2.2.1/lib/plugins/commons-codec-1.6.jar
7f560e8d6000-7f560e8d9000 r--s 0001c000 08:11 4983753                    /opt/android-studio/gradle/gradle-2.2.1/lib/plugins/nekohtml-1.9.14.jar
7f560e8d9000-7f560e8e2000 r--s 00060000 08:11 4983686                    /opt/android-studio/gradle/gradle-2.2.1/lib/plugins/httpclient-4.2.2.jar
7f560e8e2000-7f560e8e4000 r--s 00007000 08:11 4983743                    /opt/android-studio/gradle/gradle-2.2.1/lib/plugins/gradle-resources-http-2.2.1.jar
7f560e8e4000-7f560e90c000 r--s 00194000 08:11 4983699                    /opt/android-studio/gradle/gradle-2.2.1/lib/plugins/bcprov-jdk15-1.46.jar
7f560e90c000-7f560e910000 r--s 0001d000 08:11 4983740                    /opt/android-studio/gradle/gradle-2.2.1/lib/plugins/xbean-reflect-3.4.jar
7f560e910000-7f560e915000 r--s 0002a000 08:11 4983750                    /opt/android-studio/gradle/gradle-2.2.1/lib/plugins/gson-2.2.4.jar
7f560e915000-7f560e919000 r--s 0003d000 08:11 4983705                    /opt/android-studio/gradle/gradle-2.2.1/lib/plugins/jsch-0.1.51.jar
7f560e919000-7f560e932000 r--s 00129000 08:11 4983746                    /opt/android-studio/gradle/gradle-2.2.1/lib/plugins/maven-ant-tasks-2.1.3.jar
7f560e932000-7f560e941000 r--s 000d9000 08:11 4983728                    /opt/android-studio/gradle/gradle-2.2.1/lib/plugins/ivy-2.2.0.jar
7f560e941000-7f560e945000 r--s 0001e000 08:11 4983702                    /opt/android-studio/gradle/gradle-2.2.1/lib/plugins/jarjar-aether-impl-1.13.1.jar
7f560e945000-7f560e948000 r--s 00027000 08:11 4983707                    /opt/android-studio/gradle/gradle-2.2.1/lib/plugins/jarjar-maven-model-3.0.4.jar
7f560e948000-7f560e94b000 r--s 0000b000 08:11 4983697                    /opt/android-studio/gradle/gradle-2.2.1/lib/plugins/jarjar-maven-artifact-3.0.4.jar
7f560e94b000-7f560e94f000 r--s 0001e000 08:11 4983677                    /opt/android-studio/gradle/gradle-2.2.1/lib/plugins/jarjar-aether-util-1.13.1.jar
7f560e94f000-7f560e951000 r--s 00007000 08:11 4983751                    /opt/android-studio/gradle/gradle-2.2.1/lib/plugins/jarjar-wagon-http-shared4-2.4.jar
7f560e951000-7f560e95e000 r--s 00083000 08:11 4983676                    /opt/android-studio/gradle/gradle-2.2.1/lib/plugins/jarjar-maven-core-3.0.4.jar
7f560e95e000-7f560e960000 r--s 00003000 08:11 4983727                    /opt/android-studio/gradle/gradle-2.2.1/lib/plugins/jarjar-aether-spi-1.13.1.jar
7f560e960000-7f560e962000 r--s 00009000 08:11 4983716                    /opt/android-studio/gradle/gradle-2.2.1/lib/plugins/jarjar-maven-settings-builder-3.0.4.jar
7f560e962000-7f560e966000 r--s 00014000 08:11 4983691                    /opt/android-studio/gradle/gradle-2.2.1/lib/plugins/jarjar-aether-api-1.13.1.jar
7f560e966000-7f560e967000 r--s 00002000 08:11 4983741                    /opt/android-studio/gradle/gradle-2.2.1/lib/plugins/jarjar-wagon-http-2.4.jar
7f560e967000-7f560e96e000 r--s 00042000 08:11 4983680                    /opt/android-studio/gradle/gradle-2.2.1/lib/plugins/jarjar-maven-compat-3.0.4.jar
7f560e96e000-7f560e970000 r--s 00006000 08:11 4983696                    /opt/android-studio/gradle/gradle-2.2.1/lib/plugins/jarjar-aether-connector-wagon-1.13.1.jar
7f560e970000-7f560e972000 r--s 00000000 08:11 4983683                    /opt/android-studio/gradle/gradle-2.2.1/lib/plugins/jarjar-plexus-component-annotations-1.5.5.jar
7f560e972000-7f560e974000 r--s 00006000 08:11 4983669                    /opt/android-studio/gradle/gradle-2.2.1/lib/plugins/jarjar-plexus-sec-dispatcher-1.3.jar
7f560e974000-7f560e979000 r--s 00022000 08:11 4983742                    /opt/android-studio/gradle/gradle-2.2.1/lib/plugins/jarjar-maven-model-builder-3.0.4.jar
7f560e979000-7f560e97b000 r--s 0000b000 08:11 4983711                    /opt/android-studio/gradle/gradle-2.2.1/lib/plugins/jarjar-maven-plugin-api-3.0.4.jar
7f560e97b000-7f560e97e000 r--s 0000a000 08:11 4983666                    /opt/android-studio/gradle/gradle-2.2.1/lib/plugins/jarjar-plexus-classworlds-2.4.jar
7f560e97e000-7f560e982000 r--s 00035000 08:11 4983752                    /opt/android-studio/gradle/gradle-2.2.1/lib/plugins/jarjar-plexus-utils-2.0.6.jar
7f560e982000-7f560e984000 r--s 0000e000 08:11 4983754                    /opt/android-studio/gradle/gradle-2.2.1/lib/plugins/jarjar-plexus-interpolation-1.14.jar
7f560e984000-7f560e986000 r--s 00002000 08:11 4983703                    /opt/android-studio/gradle/gradle-2.2.1/lib/plugins/jarjar-plexus-cipher-1.7.jar
7f560e986000-7f560e988000 r--s 0000c000 08:11 4983748                    /opt/android-studio/gradle/gradle-2.2.1/lib/plugins/jarjar-wagon-provider-api-2.4.jar
7f560e988000-7f560e98a000 r--s 0000d000 08:11 4983756                    /opt/android-studio/gradle/gradle-2.2.1/lib/plugins/jarjar-maven-aether-provider-3.0.4.jar
7f560e98a000-7f560e992000 r--s 00031000 08:11 4983723                    /opt/android-studio/gradle/gradle-2.2.1/lib/plugins/jarjar-plexus-container-default-1.5.5.jar
7f560e992000-7f560e993000 r--s 00007000 08:11 4983710                    /opt/android-studio/gradle/gradle-2.2.1/lib/plugins/jarjar-maven-repository-metadata-3.0.4.jar
7f560e993000-7f560e994000 r--s 0000b000 08:11 4983721                    /opt/android-studio/gradle/gradle-2.2.1/lib/plugins/jarjar-maven-settings-3.0.4.jar
7f560e994000-7f560e9ac000 r--s 000b5000 08:11 4983718                    /opt/android-studio/gradle/gradle-2.2.1/lib/plugins/gradle-dependency-management-2.2.1.jar
7f560e9ac000-7f560e9b7000 r--s 00116000 08:11 4983465                    /usr/lib/jvm/java-8-oracle/jre/lib/ext/localedata.jar
7f560e9b7000-7f560e9d3000 r--s 00393000 08:11 4983464                    /usr/lib/jvm/java-8-oracle/jre/lib/ext/cldrdata.jar
7f560e9d3000-7f560e9d4000 r--s 00005000 08:11 4983637                    /opt/android-studio/gradle/gradle-2.2.1/lib/gradle-wrapper-2.2.1.jar
7f560e9d4000-7f560e9dd000 r--s 0002c000 08:11 4983642                    /opt/android-studio/gradle/gradle-2.2.1/lib/gradle-tooling-api-2.2.1.jar
7f560e9dd000-7f560e9df000 r--s 00002000 08:11 4983652                    /opt/android-studio/gradle/gradle-2.2.1/lib/gradle-open-api-2.2.1.jar
7f560e9df000-7f560e9e5000 r--s 00032000 08:11 4983645                    /opt/android-studio/gradle/gradle-2.2.1/lib/jaxen-1.1.jar
7f560e9e5000-7f560e9ea000 r--s 00048000 08:11 4983616                    /opt/android-studio/gradle/gradle-2.2.1/lib/dom4j-1.6.1.jar
7f560e9ea000-7f560e9f5000 r--s 00059000 08:11 4983655                    /opt/android-studio/gradle/gradle-2.2.1/lib/gradle-ui-2.2.1.jar
7f560e9f5000-7f560e9f7000 r--s 00006000 08:11 4983619                    /opt/android-studio/gradle/gradle-2.2.1/lib/gradle-resources-2.2.1.jar
7f560e9f7000-7f560e9f9000 r--s 00007000 08:11 4983647                    /opt/android-studio/gradle/gradle-2.2.1/lib/objenesis-1.2.jar
7f560e9f9000-7f560e9fb000 r--s 00000000 08:11 4983648                    /opt/android-studio/gradle/gradle-2.2.1/lib/minlog-1.2.jar
7f560e9fb000-7f560e9fd000 r--s 0000f000 08:11 4983653                    /opt/android-studio/gradle/gradle-2.2.1/lib/reflectasm-1.07-shaded.jar
7f560e9fd000-7f560ea01000 r--s 00026000 08:11 4983759                    /opt/android-studio/gradle/gradle-2.2.1/lib/kryo-2.20.jar
7f560ea01000-7f560ea0a000 r--s 00039000 08:11 4983644                    /opt/android-studio/gradle/gradle-2.2.1/lib/gradle-messaging-2.2.1.jar
7f560ea0a000-7f560ea0b000 r--s 00003000 08:11 4983657                    /opt/android-studio/gradle/gradle-2.2.1/lib/native-platform-freebsd-amd64-0.10.jar
7f560ea0b000-7f560ea0c000 r--s 00003000 08:11 4983639                    /opt/android-studio/gradle/gradle-2.2.1/lib/native-platform-freebsd-i386-0.10.jar
7f560ea0c000-7f560ea0d000 r--s 00005000 08:11 4983643                    /opt/android-studio/gradle/gradle-2.2.1/lib/native-platform-windows-i386-0.10.jar
7f560ea0d000-7f560ea0e000 r--s 00005000 08:11 4983612                    /opt/android-studio/gradle/gradle-2.2.1/lib/native-platform-windows-amd64-0.10.jar
7f560ea0e000-7f560ea0f000 r--s 00003000 08:11 4983615                    /opt/android-studio/gradle/gradle-2.2.1/lib/native-platform-linux-i386-0.10.jar
7f560ea0f000-7f560ea10000 r--s 00003000 08:11 4983623                    /opt/android-studio/gradle/gradle-2.2.1/lib/native-platform-linux-amd64-0.10.jar
7f560ea10000-7f560ea11000 r--s 00002000 08:11 4983760                    /opt/android-studio/gradle/gradle-2.2.1/lib/native-platform-osx-amd64-0.10.jar
7f560ea11000-7f560ea12000 r--s 00002000 08:11 4983635                    /opt/android-studio/gradle/gradle-2.2.1/lib/native-platform-osx-i386-0.10.jar
7f560ea12000-7f560ea14000 r--s 00008000 08:11 4983634                    /opt/android-studio/gradle/gradle-2.2.1/lib/jansi-1.2.1.jar
7f560ea14000-7f560ea17000 r--s 0000d000 08:11 4983649                    /opt/android-studio/gradle/gradle-2.2.1/lib/native-platform-0.10.jar
7f560ea17000-7f560ea1b000 r--s 000e4000 08:11 4983614                    /opt/android-studio/gradle/gradle-2.2.1/lib/jna-3.2.7.jar
7f560ea1b000-7f560ea1d000 r--s 00008000 08:11 4983633                    /opt/android-studio/gradle/gradle-2.2.1/lib/gradle-native-2.2.1.jar
7f560ea1d000-7f560ea1f000 r--s 00005000 08:11 4983656                    /opt/android-studio/gradle/gradle-2.2.1/lib/gradle-cli-2.2.1.jar
7f560ea1f000-7f560ea21000 r--s 00003000 08:11 4983621                    /opt/android-studio/gradle/gradle-2.2.1/lib/gradle-base-services-groovy-2.2.1.jar
7f560ea21000-7f560ea23000 r--s 0000a000 08:11 4983629                    /opt/android-studio/gradle/gradle-2.2.1/lib/gradle-model-groovy-2.2.1.jar
7f560ea23000-7f560ea27000 r--s 0001b000 08:11 4983625                    /opt/android-studio/gradle/gradle-2.2.1/lib/gradle-model-core-2.2.1.jar
7f560ea27000-7f560ea28000 r--s 00000000 08:11 4983638                    /opt/android-studio/gradle/gradle-2.2.1/lib/gradle-docs-2.2.1.jar
7f560ea28000-7f560ea2a000 r--s 00003000 08:11 4983622                    /opt/android-studio/gradle/gradle-2.2.1/lib/jcl-over-slf4j-1.7.7.jar
7f560ea2a000-7f560ea2b000 r--s 00005000 08:11 4983650                    /opt/android-studio/gradle/gradle-2.2.1/lib/log4j-over-slf4j-1.7.7.jar
7f560ea2b000-7f560ea2c000 r--s 00000000 08:11 4983641                    /opt/android-studio/gradle/gradle-2.2.1/lib/javax.inject-1.jar
7f560ea2c000-7f560ea2f000 r--s 0001b000 08:11 4983624                    /opt/android-studio/gradle/gradle-2.2.1/lib/jarjar-1.3.jar
7f560ea2f000-7f560ea31000 r--s 00000000 08:11 4983646                    /opt/android-studio/gradle/gradle-2.2.1/lib/jul-to-slf4j-1.7.7.jar
7f560ea31000-7f560ea37000 r--s 0003b000 08:11 4983618                    /opt/android-studio/gradle/gradle-2.2.1/lib/logback-classic-1.0.13.jar
7f560ea37000-7f560ea41000 r--s 0005d000 08:11 4983628                    /opt/android-studio/gradle/gradle-2.2.1/lib/logback-core-1.0.13.jar
7f560ea41000-7f560ea46000 r--s 00041000 08:11 4983617                    /opt/android-studio/gradle/gradle-2.2.1/lib/commons-lang-2.6.jar
7f560ea46000-7f560eab1000 r--s 00685000 08:11 4983613                    /opt/android-studio/gradle/gradle-2.2.1/lib/groovy-all-2.3.6.jar
7f560eab1000-7f560ead9000 r--s 001cf000 08:11 4983631                    /opt/android-studio/gradle/gradle-2.2.1/lib/guava-jdk5-17.0.jar
7f560ead9000-7f560eaf8000 r--s 001cc000 08:11 4983620                    /opt/android-studio/gradle/gradle-2.2.1/lib/ant-1.9.3.jar
7f560eaf8000-7f560eb29000 r--s 00191000 08:11 4983626                    /opt/android-studio/gradle/gradle-2.2.1/lib/gradle-core-2.2.1.jar
7f560eb29000-7f560eb2a000 ---p 00000000 00:00 0 
7f560eb2a000-7f560ec2a000 rw-p 00000000 00:00 0                          [stack:6561]
7f560ec2a000-7f560ec2d000 ---p 00000000 00:00 0 
7f560ec2d000-7f560ed2b000 rw-p 00000000 00:00 0                          [stack:6560]
7f560ed2b000-7f560ed2e000 ---p 00000000 00:00 0 
7f560ed2e000-7f560ee2c000 rw-p 00000000 00:00 0                          [stack:6559]
7f560ee2c000-7f560ee2f000 ---p 00000000 00:00 0 
7f560ee2f000-7f560ef2d000 rw-p 00000000 00:00 0                          [stack:6558]
7f560ef2d000-7f560ef30000 ---p 00000000 00:00 0 
7f560ef30000-7f560f02e000 rw-p 00000000 00:00 0                          [stack:6557]
7f560f02e000-7f560f031000 ---p 00000000 00:00 0 
7f560f031000-7f560f12f000 rw-p 00000000 00:00 0                          [stack:6556]
7f560f12f000-7f560f7d7000 r--p 00000000 08:11 2232552                    /usr/lib/locale/locale-archive
7f560f7d7000-7f560f7da000 ---p 00000000 00:00 0 
7f560f7da000-7f560f8d8000 rw-p 00000000 00:00 0                          [stack:6555]
7f560f8d8000-7f560f8db000 ---p 00000000 00:00 0 
7f560f8db000-7f560f9d9000 rw-p 00000000 00:00 0                          [stack:6554]
7f560f9d9000-7f560f9da000 ---p 00000000 00:00 0 
7f560f9da000-7f5610000000 rw-p 00000000 00:00 0                          [stack:6553]
7f5610000000-7f5610021000 rw-p 00000000 00:00 0 
7f5610021000-7f5614000000 ---p 00000000 00:00 0 
7f5614000000-7f5614a7a000 rw-p 00000000 00:00 0 
7f5614a7a000-7f5614c53000 r--s 03d09000 08:11 2508650                    /usr/lib/jvm/java-8-oracle/jre/lib/rt.jar
7f5614c53000-7f5617653000 rw-p 00000000 00:00 0 
7f5617653000-7f5617654000 ---p 00000000 00:00 0 
7f5617654000-7f5617754000 rw-p 00000000 00:00 0                          [stack:6552]
7f5617754000-7f5617755000 ---p 00000000 00:00 0 
7f5617755000-7f5617855000 rw-p 00000000 00:00 0                          [stack:6551]
7f5617855000-7f5617856000 ---p 00000000 00:00 0 
7f5617856000-7f5617956000 rw-p 00000000 00:00 0                          [stack:6550]
7f5617956000-7f5617957000 ---p 00000000 00:00 0 
7f5617957000-7f5617a75000 rw-p 00000000 00:00 0                          [stack:6549]
7f5617a75000-7f5617bad000 ---p 00000000 00:00 0 
7f5617bad000-7f5617bcb000 rw-p 00000000 00:00 0 
7f5617bcb000-7f5617d02000 ---p 00000000 00:00 0 
7f5617d02000-7f5617d59000 rw-p 00000000 00:00 0 
7f5617d59000-7f5617dad000 ---p 00000000 00:00 0 
7f5617dad000-7f5617df7000 rw-p 00000000 00:00 0 
7f5617df7000-7f561816e000 ---p 00000000 00:00 0 
7f561816e000-7f561938e000 rwxp 00000000 00:00 0 
7f561938e000-7f562716e000 ---p 00000000 00:00 0 
7f562716e000-7f5627188000 r-xp 00000000 08:11 4983559                    /usr/lib/jvm/java-8-oracle/jre/lib/amd64/libzip.so
7f5627188000-7f5627388000 ---p 0001a000 08:11 4983559                    /usr/lib/jvm/java-8-oracle/jre/lib/amd64/libzip.so
7f5627388000-7f5627389000 rw-p 0001a000 08:11 4983559                    /usr/lib/jvm/java-8-oracle/jre/lib/amd64/libzip.so
7f5627389000-7f5627394000 r-xp 00000000 08:11 2625585                    /lib/x86_64-linux-gnu/libnss_files-2.19.so
7f5627394000-7f5627593000 ---p 0000b000 08:11 2625585                    /lib/x86_64-linux-gnu/libnss_files-2.19.so
7f5627593000-7f5627594000 r--p 0000a000 08:11 2625585                    /lib/x86_64-linux-gnu/libnss_files-2.19.so
7f5627594000-7f5627595000 rw-p 0000b000 08:11 2625585                    /lib/x86_64-linux-gnu/libnss_files-2.19.so
7f5627595000-7f56275a0000 r-xp 00000000 08:11 2625595                    /lib/x86_64-linux-gnu/libnss_nis-2.19.so
7f56275a0000-7f562779f000 ---p 0000b000 08:11 2625595                    /lib/x86_64-linux-gnu/libnss_nis-2.19.so
7f562779f000-7f56277a0000 r--p 0000a000 08:11 2625595                    /lib/x86_64-linux-gnu/libnss_nis-2.19.so
7f56277a0000-7f56277a1000 rw-p 0000b000 08:11 2625595                    /lib/x86_64-linux-gnu/libnss_nis-2.19.so
7f56277a1000-7f56277b8000 r-xp 00000000 08:11 2625579                    /lib/x86_64-linux-gnu/libnsl-2.19.so
7f56277b8000-7f56279b7000 ---p 00017000 08:11 2625579                    /lib/x86_64-linux-gnu/libnsl-2.19.so
7f56279b7000-7f56279b8000 r--p 00016000 08:11 2625579                    /lib/x86_64-linux-gnu/libnsl-2.19.so
7f56279b8000-7f56279b9000 rw-p 00017000 08:11 2625579                    /lib/x86_64-linux-gnu/libnsl-2.19.so
7f56279b9000-7f56279bb000 rw-p 00000000 00:00 0 
7f56279bb000-7f56279c4000 r-xp 00000000 08:11 2625581                    /lib/x86_64-linux-gnu/libnss_compat-2.19.so
7f56279c4000-7f5627bc3000 ---p 00009000 08:11 2625581                    /lib/x86_64-linux-gnu/libnss_compat-2.19.so
7f5627bc3000-7f5627bc4000 r--p 00008000 08:11 2625581                    /lib/x86_64-linux-gnu/libnss_compat-2.19.so
7f5627bc4000-7f5627bc5000 rw-p 00009000 08:11 2625581                    /lib/x86_64-linux-gnu/libnss_compat-2.19.so
7f5627bc5000-7f5627bef000 r-xp 00000000 08:11 4983575                    /usr/lib/jvm/java-8-oracle/jre/lib/amd64/libjava.so
7f5627bef000-7f5627def000 ---p 0002a000 08:11 4983575                    /usr/lib/jvm/java-8-oracle/jre/lib/amd64/libjava.so
7f5627def000-7f5627df1000 rw-p 0002a000 08:11 4983575                    /usr/lib/jvm/java-8-oracle/jre/lib/amd64/libjava.so
7f5627df1000-7f5627dfe000 r-xp 00000000 08:11 4983587                    /usr/lib/jvm/java-8-oracle/jre/lib/amd64/libverify.so
7f5627dfe000-7f5627ffe000 ---p 0000d000 08:11 4983587                    /usr/lib/jvm/java-8-oracle/jre/lib/amd64/libverify.so
7f5627ffe000-7f5628000000 rw-p 0000d000 08:11 4983587                    /usr/lib/jvm/java-8-oracle/jre/lib/amd64/libverify.so
7f5628000000-7f5628a29000 rw-p 00000000 00:00 0 
7f5628a29000-7f562c000000 ---p 00000000 00:00 0 
7f562c000000-7f562c00e000 r--s 0007f000 08:11 4983651                    /opt/android-studio/gradle/gradle-2.2.1/lib/commons-collections-3.2.1.jar
7f562c00e000-7f562c013000 r--s 00036000 08:11 4983640                    /opt/android-studio/gradle/gradle-2.2.1/lib/asm-all-5.0.3.jar
7f562c013000-7f562c0aa000 rw-p 00000000 00:00 0 
7f562c0aa000-7f562c0b1000 r-xp 00000000 08:11 2625638                    /lib/x86_64-linux-gnu/librt-2.19.so
7f562c0b1000-7f562c2b0000 ---p 00007000 08:11 2625638                    /lib/x86_64-linux-gnu/librt-2.19.so
7f562c2b0000-7f562c2b1000 r--p 00006000 08:11 2625638                    /lib/x86_64-linux-gnu/librt-2.19.so
7f562c2b1000-7f562c2b2000 rw-p 00007000 08:11 2625638                    /lib/x86_64-linux-gnu/librt-2.19.so
7f562c2b2000-7f562c3b7000 r-xp 00000000 08:11 2625560                    /lib/x86_64-linux-gnu/libm-2.19.so
7f562c3b7000-7f562c5b6000 ---p 00105000 08:11 2625560                    /lib/x86_64-linux-gnu/libm-2.19.so
7f562c5b6000-7f562c5b7000 r--p 00104000 08:11 2625560                    /lib/x86_64-linux-gnu/libm-2.19.so
7f562c5b7000-7f562c5b8000 rw-p 00105000 08:11 2625560                    /lib/x86_64-linux-gnu/libm-2.19.so
7f562c5b8000-7f562d266000 r-xp 00000000 08:11 4983541                    /usr/lib/jvm/java-8-oracle/jre/lib/amd64/server/libjvm.so
7f562d266000-7f562d465000 ---p 00cae000 08:11 4983541                    /usr/lib/jvm/java-8-oracle/jre/lib/amd64/server/libjvm.so
7f562d465000-7f562d53c000 rw-p 00cad000 08:11 4983541                    /usr/lib/jvm/java-8-oracle/jre/lib/amd64/server/libjvm.so
7f562d53c000-7f562d580000 rw-p 00000000 00:00 0 
7f562d580000-7f562d73b000 r-xp 00000000 08:11 2625510                    /lib/x86_64-linux-gnu/libc-2.19.so
7f562d73b000-7f562d93a000 ---p 001bb000 08:11 2625510                    /lib/x86_64-linux-gnu/libc-2.19.so
7f562d93a000-7f562d93e000 r--p 001ba000 08:11 2625510                    /lib/x86_64-linux-gnu/libc-2.19.so
7f562d93e000-7f562d940000 rw-p 001be000 08:11 2625510                    /lib/x86_64-linux-gnu/libc-2.19.so
7f562d940000-7f562d945000 rw-p 00000000 00:00 0 
7f562d945000-7f562d948000 r-xp 00000000 08:11 2625527                    /lib/x86_64-linux-gnu/libdl-2.19.so
7f562d948000-7f562db47000 ---p 00003000 08:11 2625527                    /lib/x86_64-linux-gnu/libdl-2.19.so
7f562db47000-7f562db48000 r--p 00002000 08:11 2625527                    /lib/x86_64-linux-gnu/libdl-2.19.so
7f562db48000-7f562db49000 rw-p 00003000 08:11 2625527                    /lib/x86_64-linux-gnu/libdl-2.19.so
7f562db49000-7f562db5e000 r-xp 00000000 08:11 2754362                    /usr/lib/jvm/java-8-oracle/lib/amd64/jli/libjli.so
7f562db5e000-7f562dd5e000 ---p 00015000 08:11 2754362                    /usr/lib/jvm/java-8-oracle/lib/amd64/jli/libjli.so
7f562dd5e000-7f562dd5f000 rw-p 00015000 08:11 2754362                    /usr/lib/jvm/java-8-oracle/lib/amd64/jli/libjli.so
7f562dd5f000-7f562dd78000 r-xp 00000000 08:11 2625630                    /lib/x86_64-linux-gnu/libpthread-2.19.so
7f562dd78000-7f562df77000 ---p 00019000 08:11 2625630                    /lib/x86_64-linux-gnu/libpthread-2.19.so
7f562df77000-7f562df78000 r--p 00018000 08:11 2625630                    /lib/x86_64-linux-gnu/libpthread-2.19.so
7f562df78000-7f562df79000 rw-p 00019000 08:11 2625630                    /lib/x86_64-linux-gnu/libpthread-2.19.so
7f562df79000-7f562df7d000 rw-p 00000000 00:00 0 
7f562df7d000-7f562dfa0000 r-xp 00000000 08:11 2625486                    /lib/x86_64-linux-gnu/ld-2.19.so
7f562dfa0000-7f562dfa1000 r--s 00000000 08:11 4983632                    /opt/android-studio/gradle/gradle-2.2.1/lib/jcip-annotations-1.0.jar
7f562dfa1000-7f562dfa4000 r--s 00018000 08:11 4983658                    /opt/android-studio/gradle/gradle-2.2.1/lib/commons-io-1.4.jar
7f562dfa4000-7f562dfa6000 r--s 00006000 08:11 4983627                    /opt/android-studio/gradle/gradle-2.2.1/lib/slf4j-api-1.7.7.jar
7f562dfa6000-7f562e07f000 rw-p 00000000 00:00 0 
7f562e07f000-7f562e082000 ---p 00000000 00:00 0 
7f562e082000-7f562e184000 rw-p 00000000 00:00 0                          [stack:6547]
7f562e184000-7f562e185000 r--s 00004000 08:11 4983630                    /opt/android-studio/gradle/gradle-2.2.1/lib/ant-launcher-1.9.3.jar
7f562e185000-7f562e18b000 r--s 00026000 08:11 4983636                    /opt/android-studio/gradle/gradle-2.2.1/lib/gradle-base-services-2.2.1.jar
7f562e18b000-7f562e193000 r--s 0003c000 08:11 4983654                    /opt/android-studio/gradle/gradle-2.2.1/lib/gradle-launcher-2.2.1.jar
7f562e193000-7f562e19b000 rw-s 00000000 08:11 3809001                    /tmp/hsperfdata_livs/6546
7f562e19b000-7f562e19c000 rw-p 00000000 00:00 0 
7f562e19c000-7f562e19d000 r--p 00000000 00:00 0 
7f562e19d000-7f562e19f000 rw-p 00000000 00:00 0 
7f562e19f000-7f562e1a0000 r--p 00022000 08:11 2625486                    /lib/x86_64-linux-gnu/ld-2.19.so
7f562e1a0000-7f562e1a1000 rw-p 00023000 08:11 2625486                    /lib/x86_64-linux-gnu/ld-2.19.so
7f562e1a1000-7f562e1a2000 rw-p 00000000 00:00 0 
7ffff1891000-7ffff18b2000 rw-p 00000000 00:00 0                          [stack]
7ffff1910000-7ffff1912000 r-xp 00000000 00:00 0                          [vdso]
7ffff1912000-7ffff1914000 r--p 00000000 00:00 0                          [vvar]
ffffffffff600000-ffffffffff601000 r-xp 00000000 00:00 0                  [vsyscall]

VM Arguments:
jvm_args: -XX:MaxPermSize=256m -XX:+HeapDumpOnOutOfMemoryError -Xmx1024m -Dfile.encoding=UTF-8 -Duser.country=US -Duser.language=en -Duser.variant 
java_command: org.gradle.launcher.daemon.bootstrap.GradleDaemon 2.2.1 /home/livs/.gradle/daemon 10800000 977ac907-b715-4f91-b052-4fec7bd706f9 -XX:MaxPermSize=256m -XX:+HeapDumpOnOutOfMemoryError -Xmx1024m -Dfile.encoding=UTF-8 -Duser.country=US -Duser.language=en -Duser.variant
java_class_path (initial): /opt/android-studio/gradle/gradle-2.2.1/lib/gradle-launcher-2.2.1.jar
Launcher Type: SUN_STANDARD

Environment Variables:
PATH=/usr/local/sbin:/usr/local/bin:/usr/sbin:/usr/bin:/sbin:/bin:/usr/games:/usr/local/games
LD_LIBRARY_PATH=/opt/android-studio/bin:
SHELL=/bin/bash
DISPLAY=:0

Signal Handlers:
SIGSEGV: [libjvm.so+0xaad1e0], sa_mask[0]=11111111011111111101111111111110, sa_flags=SA_RESTART|SA_SIGINFO
SIGBUS: [libjvm.so+0xaad1e0], sa_mask[0]=11111111011111111101111111111110, sa_flags=SA_RESTART|SA_SIGINFO
SIGFPE: [libjvm.so+0x90b450], sa_mask[0]=11111111011111111101111111111110, sa_flags=SA_RESTART|SA_SIGINFO
SIGPIPE: [libjvm.so+0x90b450], sa_mask[0]=11111111011111111101111111111110, sa_flags=SA_RESTART|SA_SIGINFO
SIGXFSZ: [libjvm.so+0x90b450], sa_mask[0]=11111111011111111101111111111110, sa_flags=SA_RESTART|SA_SIGINFO
SIGILL: [libjvm.so+0x90b450], sa_mask[0]=11111111011111111101111111111110, sa_flags=SA_RESTART|SA_SIGINFO
SIGUSR1: SIG_DFL, sa_mask[0]=00000000000000000000000000000000, sa_flags=none
SIGUSR2: [libjvm.so+0x90ca90], sa_mask[0]=00100000000000000000000000000000, sa_flags=SA_RESTART|SA_SIGINFO
SIGHUP: [libjvm.so+0x90dde0], sa_mask[0]=11111111011111111101111111111110, sa_flags=SA_RESTART|SA_SIGINFO
SIGINT: [libjvm.so+0x90dde0], sa_mask[0]=11111111011111111101111111111110, sa_flags=SA_RESTART|SA_SIGINFO
SIGTERM: [libjvm.so+0x90dde0], sa_mask[0]=11111111011111111101111111111110, sa_flags=SA_RESTART|SA_SIGINFO
SIGQUIT: [libjvm.so+0x90dde0], sa_mask[0]=11111111011111111101111111111110, sa_flags=SA_RESTART|SA_SIGINFO


---------------  S Y S T E M  ---------------

OS:DISTRIB_ID="elementary OS"
DISTRIB_RELEASE=0.3
DISTRIB_CODENAME=freya
DISTRIB_DESCRIPTION="elementary OS Freya"

uname:Linux 3.16.0-43-generic #58~14.04.1-Ubuntu SMP Mon Jun 22 10:21:20 UTC 2015 x86_64
libc:glibc 2.19 NPTL 2.19 
rlimit: STACK 8192k, CORE 0k, NPROC 15433, NOFILE 4096, AS infinity
load average:2,28 1,18 0,77

/proc/meminfo:
MemTotal:        4046552 kB
MemFree:          113796 kB
MemAvailable:    1024280 kB
Buffers:           92708 kB
Cached:          1008552 kB
SwapCached:            0 kB
Active:          2952592 kB
Inactive:         713544 kB
Active(anon):    2292524 kB
Inactive(anon):   337788 kB
Active(file):     660068 kB
Inactive(file):   375756 kB
Unevictable:           0 kB
Mlocked:               0 kB
SwapTotal:       4191228 kB
SwapFree:        4190964 kB
Dirty:              2988 kB
Writeback:             0 kB
AnonPages:       2564988 kB
Mapped:           378728 kB
Shmem:             65440 kB
Slab:             117628 kB
SReclaimable:      87172 kB
SUnreclaim:        30456 kB
KernelStack:        9616 kB
PageTables:        37020 kB
NFS_Unstable:          0 kB
Bounce:                0 kB
WritebackTmp:          0 kB
CommitLimit:     6214504 kB
Committed_AS:    6706556 kB
VmallocTotal:   34359738367 kB
VmallocUsed:      309876 kB
VmallocChunk:   34359412220 kB
HardwareCorrupted:     0 kB
AnonHugePages:   1019904 kB
HugePages_Total:       0
HugePages_Free:        0
HugePages_Rsvd:        0
HugePages_Surp:        0
Hugepagesize:       2048 kB
DirectMap4k:      162368 kB
DirectMap2M:     4030464 kB
DirectMap1G:           0 kB


CPU:total 4 (4 cores per cpu, 1 threads per core) family 16 model 5 stepping 3, cmov, cx8, fxsr, mmx, sse, sse2, sse3, popcnt, mmxext, 3dnowpref, lzcnt, sse4a, tsc, tscinvbit, tscinv

/proc/cpuinfo:
processor	: 0
vendor_id	: AuthenticAMD
cpu family	: 16
model		: 5
model name	: AMD Athlon(tm) II X4 645 Processor
stepping	: 3
microcode	: 0x10000b6
cpu MHz		: 3100.000
cache size	: 512 KB
physical id	: 0
siblings	: 4
core id		: 0
cpu cores	: 4
apicid		: 0
initial apicid	: 0
fpu		: yes
fpu_exception	: yes
cpuid level	: 5
wp		: yes
flags		: fpu vme de pse tsc msr pae mce cx8 apic sep mtrr pge mca cmov pat pse36 clflush mmx fxsr sse sse2 ht syscall nx mmxext fxsr_opt pdpe1gb rdtscp lm 3dnowext 3dnow constant_tsc rep_good nopl nonstop_tsc extd_apicid pni monitor cx16 popcnt lahf_lm cmp_legacy svm extapic cr8_legacy abm sse4a misalignsse 3dnowprefetch osvw ibs skinit wdt hw_pstate npt lbrv svm_lock nrip_save vmmcall
bogomips	: 6227.49
TLB size	: 1024 4K pages
clflush size	: 64
cache_alignment	: 64
address sizes	: 48 bits physical, 48 bits virtual
power management: ts ttp tm stc 100mhzsteps hwpstate

processor	: 1
vendor_id	: AuthenticAMD
cpu family	: 16
model		: 5
model name	: AMD Athlon(tm) II X4 645 Processor
stepping	: 3
microcode	: 0x10000b6
cpu MHz		: 3100.000
cache size	: 512 KB
physical id	: 0
siblings	: 4
core id		: 1
cpu cores	: 4
apicid		: 1
initial apicid	: 1
fpu		: yes
fpu_exception	: yes
cpuid level	: 5
wp		: yes
flags		: fpu vme de pse tsc msr pae mce cx8 apic sep mtrr pge mca cmov pat pse36 clflush mmx fxsr sse sse2 ht syscall nx mmxext fxsr_opt pdpe1gb rdtscp lm 3dnowext 3dnow constant_tsc rep_good nopl nonstop_tsc extd_apicid pni monitor cx16 popcnt lahf_lm cmp_legacy svm extapic cr8_legacy abm sse4a misalignsse 3dnowprefetch osvw ibs skinit wdt hw_pstate npt lbrv svm_lock nrip_save vmmcall
bogomips	: 6227.49
TLB size	: 1024 4K pages
clflush size	: 64
cache_alignment	: 64
address sizes	: 48 bits physical, 48 bits virtual
power management: ts ttp tm stc 100mhzsteps hwpstate

processor	: 2
vendor_id	: AuthenticAMD
cpu family	: 16
model		: 5
model name	: AMD Athlon(tm) II X4 645 Processor
stepping	: 3
microcode	: 0x10000b6
cpu MHz		: 3100.000
cache size	: 512 KB
physical id	: 0
siblings	: 4
core id		: 2
cpu cores	: 4
apicid		: 2
initial apicid	: 2
fpu		: yes
fpu_exception	: yes
cpuid level	: 5
wp		: yes
flags		: fpu vme de pse tsc msr pae mce cx8 apic sep mtrr pge mca cmov pat pse36 clflush mmx fxsr sse sse2 ht syscall nx mmxext fxsr_opt pdpe1gb rdtscp lm 3dnowext 3dnow constant_tsc rep_good nopl nonstop_tsc extd_apicid pni monitor cx16 popcnt lahf_lm cmp_legacy svm extapic cr8_legacy abm sse4a misalignsse 3dnowprefetch osvw ibs skinit wdt hw_pstate npt lbrv svm_lock nrip_save vmmcall
bogomips	: 6227.49
TLB size	: 1024 4K pages
clflush size	: 64
cache_alignment	: 64
address sizes	: 48 bits physical, 48 bits virtual
power management: ts ttp tm stc 100mhzsteps hwpstate

processor	: 3
vendor_id	: AuthenticAMD
cpu family	: 16
model		: 5
model name	: AMD Athlon(tm) II X4 645 Processor
stepping	: 3
microcode	: 0x10000b6
cpu MHz		: 3100.000
cache size	: 512 KB
physical id	: 0
siblings	: 4
core id		: 3
cpu cores	: 4
apicid		: 3
initial apicid	: 3
fpu		: yes
fpu_exception	: yes
cpuid level	: 5
wp		: yes
flags		: fpu vme de pse tsc msr pae mce cx8 apic sep mtrr pge mca cmov pat pse36 clflush mmx fxsr sse sse2 ht syscall nx mmxext fxsr_opt pdpe1gb rdtscp lm 3dnowext 3dnow constant_tsc rep_good nopl nonstop_tsc extd_apicid pni monitor cx16 popcnt lahf_lm cmp_legacy svm extapic cr8_legacy abm sse4a misalignsse 3dnowprefetch osvw ibs skinit wdt hw_pstate npt lbrv svm_lock nrip_save vmmcall
bogomips	: 6227.49
TLB size	: 1024 4K pages
clflush size	: 64
cache_alignment	: 64
address sizes	: 48 bits physical, 48 bits virtual
power management: ts ttp tm stc 100mhzsteps hwpstate



Memory: 4k page, physical 4046552k(113796k free), swap 4191228k(4190964k free)

vm_info: Java HotSpot(TM) 64-Bit Server VM (25.45-b02) for linux-amd64 JRE (1.8.0_45-b14), built on Apr 10 2015 10:07:45 by "java_re" with gcc 4.3.0 20080428 (Red Hat 4.3.0-8)

time: Fri Jul 10 00:09:14 2015
elapsed time: 26 seconds (0d 0h 0m 26s)

